SF:/home/runner/work/hyperlight/hyperlight/src/hyperlight_common/src/flatbuffer_wrappers/function_call.rs
FN:261,_RNCNCNCNvXs_NtNtCs5hCjilINUCv_17hyperlight_common19flatbuffer_wrappers13function_callNtBa_12FunctionCallINtNtCs649FzoMgw5V_4core7convert7TryFromRShE8try_from0s_00Be_
FN:232,_RNCNCNvNtNtCs5hCjilINUCv_17hyperlight_common19flatbuffer_wrappers13function_call34validate_host_function_call_buffer00B9_
FN:220,_RNCNCNvNtNtCs5hCjilINUCv_17hyperlight_common19flatbuffer_wrappers13function_call35validate_guest_function_call_buffer00B9_
FN:246,_RNCNCNvXs_NtNtCs5hCjilINUCv_17hyperlight_common19flatbuffer_wrappers13function_callNtB8_12FunctionCallINtNtCs649FzoMgw5V_4core7convert7TryFromRShE8try_from00Bc_
FN:259,_RNCNCNvXs_NtNtCs5hCjilINUCv_17hyperlight_common19flatbuffer_wrappers13function_callNtB8_12FunctionCallINtNtCs649FzoMgw5V_4core7convert7TryFromRShE8try_from0s_0Bc_
FN:97,_RNCNvMNtNtCs5hCjilINUCv_17hyperlight_common19flatbuffer_wrappers13function_callNtB4_12FunctionCall6encode0B8_
FN:72,_RNvMNtNtCs5hCjilINUCv_17hyperlight_common19flatbuffer_wrappers13function_callNtB2_12FunctionCall18function_call_type
FN:57,_RNvMNtNtCs5hCjilINUCv_17hyperlight_common19flatbuffer_wrappers13function_callNtB2_12FunctionCall3new
FN:83,_RNvMNtNtCs5hCjilINUCv_17hyperlight_common19flatbuffer_wrappers13function_callNtB2_12FunctionCall6encode
FN:230,_RNvNtNtCs5hCjilINUCv_17hyperlight_common19flatbuffer_wrappers13function_call34validate_host_function_call_buffer
FN:218,_RNvNtNtCs5hCjilINUCv_17hyperlight_common19flatbuffer_wrappers13function_call35validate_guest_function_call_buffer
FN:244,_RNvXs_NtNtCs5hCjilINUCv_17hyperlight_common19flatbuffer_wrappers13function_callNtB4_12FunctionCallINtNtCs649FzoMgw5V_4core7convert7TryFromRShE8try_from
FNDA:0,_RNCNCNCNvXs_NtNtCs5hCjilINUCv_17hyperlight_common19flatbuffer_wrappers13function_callNtBa_12FunctionCallINtNtCs649FzoMgw5V_4core7convert7TryFromRShE8try_from0s_00Be_
FNDA:0,_RNCNCNvNtNtCs5hCjilINUCv_17hyperlight_common19flatbuffer_wrappers13function_call34validate_host_function_call_buffer00B9_
FNDA:0,_RNCNCNvNtNtCs5hCjilINUCv_17hyperlight_common19flatbuffer_wrappers13function_call35validate_guest_function_call_buffer00B9_
FNDA:0,_RNCNCNvXs_NtNtCs5hCjilINUCv_17hyperlight_common19flatbuffer_wrappers13function_callNtB8_12FunctionCallINtNtCs649FzoMgw5V_4core7convert7TryFromRShE8try_from00Bc_
FNDA:0,_RNCNCNvXs_NtNtCs5hCjilINUCv_17hyperlight_common19flatbuffer_wrappers13function_callNtB8_12FunctionCallINtNtCs649FzoMgw5V_4core7convert7TryFromRShE8try_from0s_0Bc_
FNDA:0,_RNCNvMNtNtCs5hCjilINUCv_17hyperlight_common19flatbuffer_wrappers13function_callNtB4_12FunctionCall6encode0B8_
FNDA:0,_RNvMNtNtCs5hCjilINUCv_17hyperlight_common19flatbuffer_wrappers13function_callNtB2_12FunctionCall18function_call_type
FNDA:0,_RNvMNtNtCs5hCjilINUCv_17hyperlight_common19flatbuffer_wrappers13function_callNtB2_12FunctionCall3new
FNDA:0,_RNvMNtNtCs5hCjilINUCv_17hyperlight_common19flatbuffer_wrappers13function_callNtB2_12FunctionCall6encode
FNDA:0,_RNvNtNtCs5hCjilINUCv_17hyperlight_common19flatbuffer_wrappers13function_call34validate_host_function_call_buffer
FNDA:0,_RNvNtNtCs5hCjilINUCv_17hyperlight_common19flatbuffer_wrappers13function_call35validate_guest_function_call_buffer
FNDA:0,_RNvXs_NtNtCs5hCjilINUCv_17hyperlight_common19flatbuffer_wrappers13function_callNtB4_12FunctionCallINtNtCs649FzoMgw5V_4core7convert7TryFromRShE8try_from
FNF:12
FNH:0
DA:57,0
DA:58,0
DA:59,0
DA:60,0
DA:61,0
DA:62,0
DA:63,0
DA:64,0
DA:65,0
DA:66,0
DA:67,0
DA:68,0
DA:69,0
DA:72,0
DA:73,0
DA:74,0
DA:83,0
DA:84,0
DA:86,0
DA:87,0
DA:88,0
DA:91,0
DA:93,0
DA:94,0
DA:95,0
DA:96,0
DA:97,0
DA:98,0
DA:99,0
DA:100,0
DA:101,0
DA:102,0
DA:103,0
DA:104,0
DA:105,0
DA:106,0
DA:108,0
DA:109,0
DA:110,0
DA:111,0
DA:112,0
DA:113,0
DA:114,0
DA:115,0
DA:116,0
DA:118,0
DA:119,0
DA:120,0
DA:121,0
DA:122,0
DA:123,0
DA:124,0
DA:125,0
DA:126,0
DA:128,0
DA:129,0
DA:130,0
DA:131,0
DA:132,0
DA:133,0
DA:134,0
DA:135,0
DA:136,0
DA:138,0
DA:139,0
DA:140,0
DA:141,0
DA:142,0
DA:143,0
DA:144,0
DA:145,0
DA:146,0
DA:148,0
DA:149,0
DA:150,0
DA:151,0
DA:152,0
DA:153,0
DA:154,0
DA:155,0
DA:156,0
DA:158,0
DA:159,0
DA:160,0
DA:161,0
DA:162,0
DA:163,0
DA:164,0
DA:165,0
DA:166,0
DA:168,0
DA:169,0
DA:170,0
DA:171,0
DA:172,0
DA:173,0
DA:174,0
DA:175,0
DA:176,0
DA:177,0
DA:178,0
DA:180,0
DA:181,0
DA:182,0
DA:183,0
DA:184,0
DA:185,0
DA:186,0
DA:187,0
DA:188,0
DA:189,0
DA:190,0
DA:191,0
DA:192,0
DA:193,0
DA:194,0
DA:196,0
DA:197,0
DA:198,0
DA:200,0
DA:203,0
DA:204,0
DA:205,0
DA:206,0
DA:207,0
DA:208,0
DA:209,0
DA:210,0
DA:211,0
DA:212,0
DA:213,0
DA:214,0
DA:218,0
DA:220,0
DA:227,0
DA:230,0
DA:232,0
DA:239,0
DA:244,0
DA:246,0
DA:259,0
DA:260,0
DA:261,0
DA:262,0
DA:263,0
DA:272,0
BRF:0
BRH:0
LF:149
LH:0
end_of_record
SF:/home/runner/work/hyperlight/hyperlight/src/hyperlight_common/src/flatbuffer_wrappers/function_types.rs
FN:161,_RNCNCNvXs_NtNtCs5hCjilINUCv_17hyperlight_common19flatbuffer_wrappers14function_typesNtB8_14ParameterValueINtNtCs649FzoMgw5V_4core7convert7TryFromNtNtNtNtNtBc_11flatbuffers10hyperlight9generated19parameter_generated9ParameterE8try_from00Bc_
FN:167,_RNCNCNvXs_NtNtCs5hCjilINUCv_17hyperlight_common19flatbuffer_wrappers14function_typesNtB8_14ParameterValueINtNtCs649FzoMgw5V_4core7convert7TryFromNtNtNtNtNtBc_11flatbuffers10hyperlight9generated19parameter_generated9ParameterE8try_from0s0_0Bc_
FN:170,_RNCNCNvXs_NtNtCs5hCjilINUCv_17hyperlight_common19flatbuffer_wrappers14function_typesNtB8_14ParameterValueINtNtCs649FzoMgw5V_4core7convert7TryFromNtNtNtNtNtBc_11flatbuffers10hyperlight9generated19parameter_generated9ParameterE8try_from0s1_0Bc_
FN:173,_RNCNCNvXs_NtNtCs5hCjilINUCv_17hyperlight_common19flatbuffer_wrappers14function_typesNtB8_14ParameterValueINtNtCs649FzoMgw5V_4core7convert7TryFromNtNtNtNtNtBc_11flatbuffers10hyperlight9generated19parameter_generated9ParameterE8try_from0s2_0Bc_
FN:176,_RNCNCNvXs_NtNtCs5hCjilINUCv_17hyperlight_common19flatbuffer_wrappers14function_typesNtB8_14ParameterValueINtNtCs649FzoMgw5V_4core7convert7TryFromNtNtNtNtNtBc_11flatbuffers10hyperlight9generated19parameter_generated9ParameterE8try_from0s3_0Bc_
FN:179,_RNCNCNvXs_NtNtCs5hCjilINUCv_17hyperlight_common19flatbuffer_wrappers14function_typesNtB8_14ParameterValueINtNtCs649FzoMgw5V_4core7convert7TryFromNtNtNtNtNtBc_11flatbuffers10hyperlight9generated19parameter_generated9ParameterE8try_from0s4_0Bc_
FN:180,_RNCNCNvXs_NtNtCs5hCjilINUCv_17hyperlight_common19flatbuffer_wrappers14function_typesNtB8_14ParameterValueINtNtCs649FzoMgw5V_4core7convert7TryFromNtNtNtNtNtBc_11flatbuffers10hyperlight9generated19parameter_generated9ParameterE8try_from0s5_0Bc_
FN:183,_RNCNCNvXs_NtNtCs5hCjilINUCv_17hyperlight_common19flatbuffer_wrappers14function_typesNtB8_14ParameterValueINtNtCs649FzoMgw5V_4core7convert7TryFromNtNtNtNtNtBc_11flatbuffers10hyperlight9generated19parameter_generated9ParameterE8try_from0s6_0Bc_
FN:190,_RNCNCNvXs_NtNtCs5hCjilINUCv_17hyperlight_common19flatbuffer_wrappers14function_typesNtB8_14ParameterValueINtNtCs649FzoMgw5V_4core7convert7TryFromNtNtNtNtNtBc_11flatbuffers10hyperlight9generated19parameter_generated9ParameterE8try_from0s7_0Bc_
FN:164,_RNCNCNvXs_NtNtCs5hCjilINUCv_17hyperlight_common19flatbuffer_wrappers14function_typesNtB8_14ParameterValueINtNtCs649FzoMgw5V_4core7convert7TryFromNtNtNtNtNtBc_11flatbuffers10hyperlight9generated19parameter_generated9ParameterE8try_from0s_0Bc_
FN:527,_RNCNCNvXsn_NtNtCs5hCjilINUCv_17hyperlight_common19flatbuffer_wrappers14function_typesNtB9_11ReturnValueINtNtCs649FzoMgw5V_4core7convert7TryFromNtNtNtNtNtBd_11flatbuffers10hyperlight9generated30function_call_result_generated18FunctionCallResultE8try_from00Bd_
FN:539,_RNCNCNvXsn_NtNtCs5hCjilINUCv_17hyperlight_common19flatbuffer_wrappers14function_typesNtB9_11ReturnValueINtNtCs649FzoMgw5V_4core7convert7TryFromNtNtNtNtNtBd_11flatbuffers10hyperlight9generated30function_call_result_generated18FunctionCallResultE8try_from0s0_0Bd_
FN:545,_RNCNCNvXsn_NtNtCs5hCjilINUCv_17hyperlight_common19flatbuffer_wrappers14function_typesNtB9_11ReturnValueINtNtCs649FzoMgw5V_4core7convert7TryFromNtNtNtNtNtBd_11flatbuffers10hyperlight9generated30function_call_result_generated18FunctionCallResultE8try_from0s1_0Bd_
FN:551,_RNCNCNvXsn_NtNtCs5hCjilINUCv_17hyperlight_common19flatbuffer_wrappers14function_typesNtB9_11ReturnValueINtNtCs649FzoMgw5V_4core7convert7TryFromNtNtNtNtNtBd_11flatbuffers10hyperlight9generated30function_call_result_generated18FunctionCallResultE8try_from0s2_0Bd_
FN:557,_RNCNCNvXsn_NtNtCs5hCjilINUCv_17hyperlight_common19flatbuffer_wrappers14function_typesNtB9_11ReturnValueINtNtCs649FzoMgw5V_4core7convert7TryFromNtNtNtNtNtBd_11flatbuffers10hyperlight9generated30function_call_result_generated18FunctionCallResultE8try_from0s3_0Bd_
FN:563,_RNCNCNvXsn_NtNtCs5hCjilINUCv_17hyperlight_common19flatbuffer_wrappers14function_typesNtB9_11ReturnValueINtNtCs649FzoMgw5V_4core7convert7TryFromNtNtNtNtNtBd_11flatbuffers10hyperlight9generated30function_call_result_generated18FunctionCallResultE8try_from0s4_0Bd_
FN:568,_RNCNCNvXsn_NtNtCs5hCjilINUCv_17hyperlight_common19flatbuffer_wrappers14function_typesNtB9_11ReturnValueINtNtCs649FzoMgw5V_4core7convert7TryFromNtNtNtNtNtBd_11flatbuffers10hyperlight9generated30function_call_result_generated18FunctionCallResultE8try_from0s5_0Bd_
FN:579,_RNCNCNvXsn_NtNtCs5hCjilINUCv_17hyperlight_common19flatbuffer_wrappers14function_typesNtB9_11ReturnValueINtNtCs649FzoMgw5V_4core7convert7TryFromNtNtNtNtNtBd_11flatbuffers10hyperlight9generated30function_call_result_generated18FunctionCallResultE8try_from0s6_0Bd_
FN:533,_RNCNCNvXsn_NtNtCs5hCjilINUCv_17hyperlight_common19flatbuffer_wrappers14function_typesNtB9_11ReturnValueINtNtCs649FzoMgw5V_4core7convert7TryFromNtNtNtNtNtBd_11flatbuffers10hyperlight9generated30function_call_result_generated18FunctionCallResultE8try_from0s_0Bd_
FN:596,_RNCNCNvXso_NtNtCs5hCjilINUCv_17hyperlight_common19flatbuffer_wrappers14function_typesNtB9_11ReturnValueINtNtCs649FzoMgw5V_4core7convert7TryFromRShE8try_from00Bd_
FN:137,_RNvXNtNtCs5hCjilINUCv_17hyperlight_common19flatbuffer_wrappers14function_typesNtB2_13ParameterTypeINtNtCs649FzoMgw5V_4core7convert4FromRNtB2_14ParameterValueE4from
FN:232,_RNvXs2_NtNtCs5hCjilINUCv_17hyperlight_common19flatbuffer_wrappers14function_typesNtB5_13ParameterTypeINtNtCs649FzoMgw5V_4core7convert7TryFromNtNtNtNtNtB9_11flatbuffers10hyperlight9generated24parameter_type_generated13ParameterTypeE8try_from
FN:253,_RNvXs3_NtNtCs5hCjilINUCv_17hyperlight_common19flatbuffer_wrappers14function_typesNtB5_10ReturnTypeINtNtCs649FzoMgw5V_4core7convert7TryFromNtNtNtNtNtB9_11flatbuffers10hyperlight9generated21return_type_generated10ReturnTypeE8try_from
FN:275,_RNvXs4_NtNtCs5hCjilINUCv_17hyperlight_common19flatbuffer_wrappers14function_typeslINtNtCs649FzoMgw5V_4core7convert7TryFromNtB5_14ParameterValueE8try_from
FN:288,_RNvXs5_NtNtCs5hCjilINUCv_17hyperlight_common19flatbuffer_wrappers14function_typesmINtNtCs649FzoMgw5V_4core7convert7TryFromNtB5_14ParameterValueE8try_from
FN:301,_RNvXs6_NtNtCs5hCjilINUCv_17hyperlight_common19flatbuffer_wrappers14function_typesxINtNtCs649FzoMgw5V_4core7convert7TryFromNtB5_14ParameterValueE8try_from
FN:314,_RNvXs7_NtNtCs5hCjilINUCv_17hyperlight_common19flatbuffer_wrappers14function_typesyINtNtCs649FzoMgw5V_4core7convert7TryFromNtB5_14ParameterValueE8try_from
FN:327,_RNvXs8_NtNtCs5hCjilINUCv_17hyperlight_common19flatbuffer_wrappers14function_typesfINtNtCs649FzoMgw5V_4core7convert7TryFromNtB5_14ParameterValueE8try_from
FN:340,_RNvXs9_NtNtCs5hCjilINUCv_17hyperlight_common19flatbuffer_wrappers14function_typesdINtNtCs649FzoMgw5V_4core7convert7TryFromNtB5_14ParameterValueE8try_from
FN:156,_RNvXs_NtNtCs5hCjilINUCv_17hyperlight_common19flatbuffer_wrappers14function_typesNtB4_14ParameterValueINtNtCs649FzoMgw5V_4core7convert7TryFromNtNtNtNtNtB8_11flatbuffers10hyperlight9generated19parameter_generated9ParameterE8try_from
FN:366,_RNvXsb_NtNtCs5hCjilINUCv_17hyperlight_common19flatbuffer_wrappers14function_typesbINtNtCs649FzoMgw5V_4core7convert7TryFromNtB5_14ParameterValueE8try_from
FN:392,_RNvXsd_NtNtCs5hCjilINUCv_17hyperlight_common19flatbuffer_wrappers14function_typeslINtNtCs649FzoMgw5V_4core7convert7TryFromNtB5_11ReturnValueE8try_from
FN:405,_RNvXse_NtNtCs5hCjilINUCv_17hyperlight_common19flatbuffer_wrappers14function_typesmINtNtCs649FzoMgw5V_4core7convert7TryFromNtB5_11ReturnValueE8try_from
FN:418,_RNvXsf_NtNtCs5hCjilINUCv_17hyperlight_common19flatbuffer_wrappers14function_typesxINtNtCs649FzoMgw5V_4core7convert7TryFromNtB5_11ReturnValueE8try_from
FN:431,_RNvXsg_NtNtCs5hCjilINUCv_17hyperlight_common19flatbuffer_wrappers14function_typesyINtNtCs649FzoMgw5V_4core7convert7TryFromNtB5_11ReturnValueE8try_from
FN:444,_RNvXsh_NtNtCs5hCjilINUCv_17hyperlight_common19flatbuffer_wrappers14function_typesfINtNtCs649FzoMgw5V_4core7convert7TryFromNtB5_11ReturnValueE8try_from
FN:457,_RNvXsi_NtNtCs5hCjilINUCv_17hyperlight_common19flatbuffer_wrappers14function_typesdINtNtCs649FzoMgw5V_4core7convert7TryFromNtB5_11ReturnValueE8try_from
FN:483,_RNvXsk_NtNtCs5hCjilINUCv_17hyperlight_common19flatbuffer_wrappers14function_typesbINtNtCs649FzoMgw5V_4core7convert7TryFromNtB5_11ReturnValueE8try_from
FN:509,_RNvXsm_NtNtCs5hCjilINUCv_17hyperlight_common19flatbuffer_wrappers14function_typesuINtNtCs649FzoMgw5V_4core7convert7TryFromNtB5_11ReturnValueE8try_from
FN:522,_RNvXsn_NtNtCs5hCjilINUCv_17hyperlight_common19flatbuffer_wrappers14function_typesNtB5_11ReturnValueINtNtCs649FzoMgw5V_4core7convert7TryFromNtNtNtNtNtB9_11flatbuffers10hyperlight9generated30function_call_result_generated18FunctionCallResultE8try_from
FN:594,_RNvXso_NtNtCs5hCjilINUCv_17hyperlight_common19flatbuffer_wrappers14function_typesNtB5_11ReturnValueINtNtCs649FzoMgw5V_4core7convert7TryFromRShE8try_from
FN:379,_RNvXsc_NtNtCs5hCjilINUCv_17hyperlight_common19flatbuffer_wrappers14function_typesINtNtCs7h7qHWfF5BF_5alloc3vec3VechEINtNtCs649FzoMgw5V_4core7convert7TryFromNtB5_14ParameterValueE8try_from
FN:496,_RNvXsl_NtNtCs5hCjilINUCv_17hyperlight_common19flatbuffer_wrappers14function_typesINtNtCs7h7qHWfF5BF_5alloc3vec3VechEINtNtCs649FzoMgw5V_4core7convert7TryFromNtB5_11ReturnValueE8try_from
FN:604,_RNvXsp_NtNtCs5hCjilINUCv_17hyperlight_common19flatbuffer_wrappers14function_typesINtNtCs7h7qHWfF5BF_5alloc3vec3VechEINtNtCs649FzoMgw5V_4core7convert7TryFromRNtB5_11ReturnValueE8try_from
FN:196,_RNvXs0_NtNtCs5hCjilINUCv_17hyperlight_common19flatbuffer_wrappers14function_typesNtNtNtNtNtB9_11flatbuffers10hyperlight9generated24parameter_type_generated13ParameterTypeINtNtCs649FzoMgw5V_4core7convert4FromNtB5_13ParameterTypeE4from
FN:213,_RNvXs1_NtNtCs5hCjilINUCv_17hyperlight_common19flatbuffer_wrappers14function_typesNtNtNtNtNtB9_11flatbuffers10hyperlight9generated21return_type_generated10ReturnTypeINtNtCs649FzoMgw5V_4core7convert4FromNtB5_10ReturnTypeE4from
FN:353,_RNvXsa_NtNtCs5hCjilINUCv_17hyperlight_common19flatbuffer_wrappers14function_typesNtNtCs7h7qHWfF5BF_5alloc6string6StringINtNtCs649FzoMgw5V_4core7convert7TryFromNtB5_14ParameterValueE8try_from
FN:470,_RNvXsj_NtNtCs5hCjilINUCv_17hyperlight_common19flatbuffer_wrappers14function_typesNtNtCs7h7qHWfF5BF_5alloc6string6StringINtNtCs649FzoMgw5V_4core7convert7TryFromNtB5_11ReturnValueE8try_from
FNDA:0,_RNCNCNvXs_NtNtCs5hCjilINUCv_17hyperlight_common19flatbuffer_wrappers14function_typesNtB8_14ParameterValueINtNtCs649FzoMgw5V_4core7convert7TryFromNtNtNtNtNtBc_11flatbuffers10hyperlight9generated19parameter_generated9ParameterE8try_from00Bc_
FNDA:0,_RNCNCNvXs_NtNtCs5hCjilINUCv_17hyperlight_common19flatbuffer_wrappers14function_typesNtB8_14ParameterValueINtNtCs649FzoMgw5V_4core7convert7TryFromNtNtNtNtNtBc_11flatbuffers10hyperlight9generated19parameter_generated9ParameterE8try_from0s0_0Bc_
FNDA:0,_RNCNCNvXs_NtNtCs5hCjilINUCv_17hyperlight_common19flatbuffer_wrappers14function_typesNtB8_14ParameterValueINtNtCs649FzoMgw5V_4core7convert7TryFromNtNtNtNtNtBc_11flatbuffers10hyperlight9generated19parameter_generated9ParameterE8try_from0s1_0Bc_
FNDA:0,_RNCNCNvXs_NtNtCs5hCjilINUCv_17hyperlight_common19flatbuffer_wrappers14function_typesNtB8_14ParameterValueINtNtCs649FzoMgw5V_4core7convert7TryFromNtNtNtNtNtBc_11flatbuffers10hyperlight9generated19parameter_generated9ParameterE8try_from0s2_0Bc_
FNDA:0,_RNCNCNvXs_NtNtCs5hCjilINUCv_17hyperlight_common19flatbuffer_wrappers14function_typesNtB8_14ParameterValueINtNtCs649FzoMgw5V_4core7convert7TryFromNtNtNtNtNtBc_11flatbuffers10hyperlight9generated19parameter_generated9ParameterE8try_from0s3_0Bc_
FNDA:0,_RNCNCNvXs_NtNtCs5hCjilINUCv_17hyperlight_common19flatbuffer_wrappers14function_typesNtB8_14ParameterValueINtNtCs649FzoMgw5V_4core7convert7TryFromNtNtNtNtNtBc_11flatbuffers10hyperlight9generated19parameter_generated9ParameterE8try_from0s4_0Bc_
FNDA:0,_RNCNCNvXs_NtNtCs5hCjilINUCv_17hyperlight_common19flatbuffer_wrappers14function_typesNtB8_14ParameterValueINtNtCs649FzoMgw5V_4core7convert7TryFromNtNtNtNtNtBc_11flatbuffers10hyperlight9generated19parameter_generated9ParameterE8try_from0s5_0Bc_
FNDA:0,_RNCNCNvXs_NtNtCs5hCjilINUCv_17hyperlight_common19flatbuffer_wrappers14function_typesNtB8_14ParameterValueINtNtCs649FzoMgw5V_4core7convert7TryFromNtNtNtNtNtBc_11flatbuffers10hyperlight9generated19parameter_generated9ParameterE8try_from0s6_0Bc_
FNDA:0,_RNCNCNvXs_NtNtCs5hCjilINUCv_17hyperlight_common19flatbuffer_wrappers14function_typesNtB8_14ParameterValueINtNtCs649FzoMgw5V_4core7convert7TryFromNtNtNtNtNtBc_11flatbuffers10hyperlight9generated19parameter_generated9ParameterE8try_from0s7_0Bc_
FNDA:0,_RNCNCNvXs_NtNtCs5hCjilINUCv_17hyperlight_common19flatbuffer_wrappers14function_typesNtB8_14ParameterValueINtNtCs649FzoMgw5V_4core7convert7TryFromNtNtNtNtNtBc_11flatbuffers10hyperlight9generated19parameter_generated9ParameterE8try_from0s_0Bc_
FNDA:0,_RNCNCNvXsn_NtNtCs5hCjilINUCv_17hyperlight_common19flatbuffer_wrappers14function_typesNtB9_11ReturnValueINtNtCs649FzoMgw5V_4core7convert7TryFromNtNtNtNtNtBd_11flatbuffers10hyperlight9generated30function_call_result_generated18FunctionCallResultE8try_from00Bd_
FNDA:0,_RNCNCNvXsn_NtNtCs5hCjilINUCv_17hyperlight_common19flatbuffer_wrappers14function_typesNtB9_11ReturnValueINtNtCs649FzoMgw5V_4core7convert7TryFromNtNtNtNtNtBd_11flatbuffers10hyperlight9generated30function_call_result_generated18FunctionCallResultE8try_from0s0_0Bd_
FNDA:0,_RNCNCNvXsn_NtNtCs5hCjilINUCv_17hyperlight_common19flatbuffer_wrappers14function_typesNtB9_11ReturnValueINtNtCs649FzoMgw5V_4core7convert7TryFromNtNtNtNtNtBd_11flatbuffers10hyperlight9generated30function_call_result_generated18FunctionCallResultE8try_from0s1_0Bd_
FNDA:0,_RNCNCNvXsn_NtNtCs5hCjilINUCv_17hyperlight_common19flatbuffer_wrappers14function_typesNtB9_11ReturnValueINtNtCs649FzoMgw5V_4core7convert7TryFromNtNtNtNtNtBd_11flatbuffers10hyperlight9generated30function_call_result_generated18FunctionCallResultE8try_from0s2_0Bd_
FNDA:0,_RNCNCNvXsn_NtNtCs5hCjilINUCv_17hyperlight_common19flatbuffer_wrappers14function_typesNtB9_11ReturnValueINtNtCs649FzoMgw5V_4core7convert7TryFromNtNtNtNtNtBd_11flatbuffers10hyperlight9generated30function_call_result_generated18FunctionCallResultE8try_from0s3_0Bd_
FNDA:0,_RNCNCNvXsn_NtNtCs5hCjilINUCv_17hyperlight_common19flatbuffer_wrappers14function_typesNtB9_11ReturnValueINtNtCs649FzoMgw5V_4core7convert7TryFromNtNtNtNtNtBd_11flatbuffers10hyperlight9generated30function_call_result_generated18FunctionCallResultE8try_from0s4_0Bd_
FNDA:0,_RNCNCNvXsn_NtNtCs5hCjilINUCv_17hyperlight_common19flatbuffer_wrappers14function_typesNtB9_11ReturnValueINtNtCs649FzoMgw5V_4core7convert7TryFromNtNtNtNtNtBd_11flatbuffers10hyperlight9generated30function_call_result_generated18FunctionCallResultE8try_from0s5_0Bd_
FNDA:0,_RNCNCNvXsn_NtNtCs5hCjilINUCv_17hyperlight_common19flatbuffer_wrappers14function_typesNtB9_11ReturnValueINtNtCs649FzoMgw5V_4core7convert7TryFromNtNtNtNtNtBd_11flatbuffers10hyperlight9generated30function_call_result_generated18FunctionCallResultE8try_from0s6_0Bd_
FNDA:0,_RNCNCNvXsn_NtNtCs5hCjilINUCv_17hyperlight_common19flatbuffer_wrappers14function_typesNtB9_11ReturnValueINtNtCs649FzoMgw5V_4core7convert7TryFromNtNtNtNtNtBd_11flatbuffers10hyperlight9generated30function_call_result_generated18FunctionCallResultE8try_from0s_0Bd_
FNDA:0,_RNCNCNvXso_NtNtCs5hCjilINUCv_17hyperlight_common19flatbuffer_wrappers14function_typesNtB9_11ReturnValueINtNtCs649FzoMgw5V_4core7convert7TryFromRShE8try_from00Bd_
FNDA:0,_RNvXNtNtCs5hCjilINUCv_17hyperlight_common19flatbuffer_wrappers14function_typesNtB2_13ParameterTypeINtNtCs649FzoMgw5V_4core7convert4FromRNtB2_14ParameterValueE4from
FNDA:72,_RNvXs2_NtNtCs5hCjilINUCv_17hyperlight_common19flatbuffer_wrappers14function_typesNtB5_13ParameterTypeINtNtCs649FzoMgw5V_4core7convert7TryFromNtNtNtNtNtB9_11flatbuffers10hyperlight9generated24parameter_type_generated13ParameterTypeE8try_from
FNDA:75,_RNvXs3_NtNtCs5hCjilINUCv_17hyperlight_common19flatbuffer_wrappers14function_typesNtB5_10ReturnTypeINtNtCs649FzoMgw5V_4core7convert7TryFromNtNtNtNtNtB9_11flatbuffers10hyperlight9generated21return_type_generated10ReturnTypeE8try_from
FNDA:0,_RNvXs4_NtNtCs5hCjilINUCv_17hyperlight_common19flatbuffer_wrappers14function_typeslINtNtCs649FzoMgw5V_4core7convert7TryFromNtB5_14ParameterValueE8try_from
FNDA:0,_RNvXs5_NtNtCs5hCjilINUCv_17hyperlight_common19flatbuffer_wrappers14function_typesmINtNtCs649FzoMgw5V_4core7convert7TryFromNtB5_14ParameterValueE8try_from
FNDA:0,_RNvXs6_NtNtCs5hCjilINUCv_17hyperlight_common19flatbuffer_wrappers14function_typesxINtNtCs649FzoMgw5V_4core7convert7TryFromNtB5_14ParameterValueE8try_from
FNDA:0,_RNvXs7_NtNtCs5hCjilINUCv_17hyperlight_common19flatbuffer_wrappers14function_typesyINtNtCs649FzoMgw5V_4core7convert7TryFromNtB5_14ParameterValueE8try_from
FNDA:0,_RNvXs8_NtNtCs5hCjilINUCv_17hyperlight_common19flatbuffer_wrappers14function_typesfINtNtCs649FzoMgw5V_4core7convert7TryFromNtB5_14ParameterValueE8try_from
FNDA:0,_RNvXs9_NtNtCs5hCjilINUCv_17hyperlight_common19flatbuffer_wrappers14function_typesdINtNtCs649FzoMgw5V_4core7convert7TryFromNtB5_14ParameterValueE8try_from
FNDA:0,_RNvXs_NtNtCs5hCjilINUCv_17hyperlight_common19flatbuffer_wrappers14function_typesNtB4_14ParameterValueINtNtCs649FzoMgw5V_4core7convert7TryFromNtNtNtNtNtB8_11flatbuffers10hyperlight9generated19parameter_generated9ParameterE8try_from
FNDA:0,_RNvXsb_NtNtCs5hCjilINUCv_17hyperlight_common19flatbuffer_wrappers14function_typesbINtNtCs649FzoMgw5V_4core7convert7TryFromNtB5_14ParameterValueE8try_from
FNDA:23,_RNvXsd_NtNtCs5hCjilINUCv_17hyperlight_common19flatbuffer_wrappers14function_typeslINtNtCs649FzoMgw5V_4core7convert7TryFromNtB5_11ReturnValueE8try_from
FNDA:0,_RNvXse_NtNtCs5hCjilINUCv_17hyperlight_common19flatbuffer_wrappers14function_typesmINtNtCs649FzoMgw5V_4core7convert7TryFromNtB5_11ReturnValueE8try_from
FNDA:0,_RNvXsf_NtNtCs5hCjilINUCv_17hyperlight_common19flatbuffer_wrappers14function_typesxINtNtCs649FzoMgw5V_4core7convert7TryFromNtB5_11ReturnValueE8try_from
FNDA:0,_RNvXsg_NtNtCs5hCjilINUCv_17hyperlight_common19flatbuffer_wrappers14function_typesyINtNtCs649FzoMgw5V_4core7convert7TryFromNtB5_11ReturnValueE8try_from
FNDA:0,_RNvXsh_NtNtCs5hCjilINUCv_17hyperlight_common19flatbuffer_wrappers14function_typesfINtNtCs649FzoMgw5V_4core7convert7TryFromNtB5_11ReturnValueE8try_from
FNDA:0,_RNvXsi_NtNtCs5hCjilINUCv_17hyperlight_common19flatbuffer_wrappers14function_typesdINtNtCs649FzoMgw5V_4core7convert7TryFromNtB5_11ReturnValueE8try_from
FNDA:0,_RNvXsk_NtNtCs5hCjilINUCv_17hyperlight_common19flatbuffer_wrappers14function_typesbINtNtCs649FzoMgw5V_4core7convert7TryFromNtB5_11ReturnValueE8try_from
FNDA:0,_RNvXsm_NtNtCs5hCjilINUCv_17hyperlight_common19flatbuffer_wrappers14function_typesuINtNtCs649FzoMgw5V_4core7convert7TryFromNtB5_11ReturnValueE8try_from
FNDA:0,_RNvXsn_NtNtCs5hCjilINUCv_17hyperlight_common19flatbuffer_wrappers14function_typesNtB5_11ReturnValueINtNtCs649FzoMgw5V_4core7convert7TryFromNtNtNtNtNtB9_11flatbuffers10hyperlight9generated30function_call_result_generated18FunctionCallResultE8try_from
FNDA:0,_RNvXso_NtNtCs5hCjilINUCv_17hyperlight_common19flatbuffer_wrappers14function_typesNtB5_11ReturnValueINtNtCs649FzoMgw5V_4core7convert7TryFromRShE8try_from
FNDA:0,_RNvXsc_NtNtCs5hCjilINUCv_17hyperlight_common19flatbuffer_wrappers14function_typesINtNtCs7h7qHWfF5BF_5alloc3vec3VechEINtNtCs649FzoMgw5V_4core7convert7TryFromNtB5_14ParameterValueE8try_from
FNDA:0,_RNvXsl_NtNtCs5hCjilINUCv_17hyperlight_common19flatbuffer_wrappers14function_typesINtNtCs7h7qHWfF5BF_5alloc3vec3VechEINtNtCs649FzoMgw5V_4core7convert7TryFromNtB5_11ReturnValueE8try_from
FNDA:0,_RNvXsp_NtNtCs5hCjilINUCv_17hyperlight_common19flatbuffer_wrappers14function_typesINtNtCs7h7qHWfF5BF_5alloc3vec3VechEINtNtCs649FzoMgw5V_4core7convert7TryFromRNtB5_11ReturnValueE8try_from
FNDA:144,_RNvXs0_NtNtCs5hCjilINUCv_17hyperlight_common19flatbuffer_wrappers14function_typesNtNtNtNtNtB9_11flatbuffers10hyperlight9generated24parameter_type_generated13ParameterTypeINtNtCs649FzoMgw5V_4core7convert4FromNtB5_13ParameterTypeE4from
FNDA:150,_RNvXs1_NtNtCs5hCjilINUCv_17hyperlight_common19flatbuffer_wrappers14function_typesNtNtNtNtNtB9_11flatbuffers10hyperlight9generated21return_type_generated10ReturnTypeINtNtCs649FzoMgw5V_4core7convert4FromNtB5_10ReturnTypeE4from
FNDA:0,_RNvXsa_NtNtCs5hCjilINUCv_17hyperlight_common19flatbuffer_wrappers14function_typesNtNtCs7h7qHWfF5BF_5alloc6string6StringINtNtCs649FzoMgw5V_4core7convert7TryFromNtB5_14ParameterValueE8try_from
FNDA:0,_RNvXsj_NtNtCs5hCjilINUCv_17hyperlight_common19flatbuffer_wrappers14function_typesNtNtCs7h7qHWfF5BF_5alloc6string6StringINtNtCs649FzoMgw5V_4core7convert7TryFromNtB5_11ReturnValueE8try_from
FNF:48
FNH:5
DA:137,0
DA:138,0
DA:139,0
DA:140,0
DA:141,0
DA:142,0
DA:143,0
DA:144,0
DA:145,0
DA:146,0
DA:147,0
DA:149,0
DA:156,0
DA:161,0
DA:164,0
DA:167,0
DA:170,0
DA:173,0
DA:176,0
DA:179,0
DA:180,0
DA:181,0
DA:182,0
DA:183,0
DA:184,0
DA:185,0
DA:190,0
DA:191,0
DA:196,144
DA:197,144
DA:198,2
DA:199,0
DA:200,0
DA:201,0
DA:202,0
DA:203,0
DA:204,142
DA:205,0
DA:206,0
DA:208,144
DA:213,150
DA:214,150
DA:215,144
DA:216,0
DA:217,2
DA:218,0
DA:219,0
DA:220,0
DA:221,0
DA:222,0
DA:223,4
DA:224,0
DA:226,150
DA:232,72
DA:233,72
DA:247,72
DA:253,75
DA:254,75
DA:269,75
DA:275,0
DA:276,0
DA:282,0
DA:288,0
DA:289,0
DA:295,0
DA:301,0
DA:302,0
DA:308,0
DA:314,0
DA:315,0
DA:321,0
DA:327,0
DA:328,0
DA:334,0
DA:340,0
DA:341,0
DA:347,0
DA:353,0
DA:354,0
DA:360,0
DA:366,0
DA:367,0
DA:373,0
DA:379,0
DA:380,0
DA:386,0
DA:392,23
DA:393,23
DA:399,23
DA:405,0
DA:406,0
DA:412,0
DA:418,0
DA:419,0
DA:425,0
DA:431,0
DA:432,0
DA:438,0
DA:444,0
DA:445,0
DA:451,0
DA:457,0
DA:458,0
DA:464,0
DA:470,0
DA:471,0
DA:477,0
DA:483,0
DA:484,0
DA:490,0
DA:496,0
DA:497,0
DA:503,0
DA:509,0
DA:510,0
DA:516,0
DA:522,0
DA:527,0
DA:533,0
DA:539,0
DA:545,0
DA:551,0
DA:557,0
DA:563,0
DA:568,0
DA:579,0
DA:588,0
DA:594,0
DA:596,0
DA:598,0
DA:604,0
DA:606,0
DA:742,0
BRF:0
BRH:0
LF:133
LH:20
end_of_record
SF:/home/runner/work/hyperlight/hyperlight/src/hyperlight_common/src/flatbuffer_wrappers/guest_error.rs
FN:217,_RNvXs5_NtNtCs5hCjilINUCv_17hyperlight_common19flatbuffer_wrappers11guest_errorINtNtCs7h7qHWfF5BF_5alloc3vec3VechEINtNtCs649FzoMgw5V_4core7convert7TryFromRNtB5_10GuestErrorE8try_from
FN:201,_RNCNvXs4_NtNtCs5hCjilINUCv_17hyperlight_common19flatbuffer_wrappers11guest_errorNtB7_10GuestErrorINtNtCs649FzoMgw5V_4core7convert7TryFromRShE8try_from0Bb_
FN:192,_RNvMs3_NtNtCs5hCjilINUCv_17hyperlight_common19flatbuffer_wrappers11guest_errorNtB5_10GuestError3new
FN:108,_RNvXs0_NtNtCs5hCjilINUCv_17hyperlight_common19flatbuffer_wrappers11guest_errorNtB5_9ErrorCodeINtNtCs649FzoMgw5V_4core7convert4FromyE4from
FN:132,_RNvXs1_NtNtCs5hCjilINUCv_17hyperlight_common19flatbuffer_wrappers11guest_erroryINtNtCs649FzoMgw5V_4core7convert4FromNtB5_9ErrorCodeE4from
FN:199,_RNvXs4_NtNtCs5hCjilINUCv_17hyperlight_common19flatbuffer_wrappers11guest_errorNtB5_10GuestErrorINtNtCs649FzoMgw5V_4core7convert7TryFromRShE8try_from
FN:237,_RNvXs6_NtNtCs5hCjilINUCv_17hyperlight_common19flatbuffer_wrappers11guest_errorNtB5_10GuestErrorNtNtCs649FzoMgw5V_4core7default7Default7default
FN:81,_RNvXs_NtNtCs5hCjilINUCv_17hyperlight_common19flatbuffer_wrappers11guest_errorNtB4_9ErrorCodeINtNtCs649FzoMgw5V_4core7convert4FromNtNtNtNtNtB8_11flatbuffers10hyperlight9generated20error_code_generated9ErrorCodeE4from
FN:54,_RNvXNtNtCs5hCjilINUCv_17hyperlight_common19flatbuffer_wrappers11guest_errorNtNtNtNtNtB6_11flatbuffers10hyperlight9generated20error_code_generated9ErrorCodeINtNtCs649FzoMgw5V_4core7convert4FromNtB2_9ErrorCodeE4from
FN:155,_RNvXs2_NtNtCs5hCjilINUCv_17hyperlight_common19flatbuffer_wrappers11guest_errorNtNtCs7h7qHWfF5BF_5alloc6string6StringINtNtCs649FzoMgw5V_4core7convert4FromNtB5_9ErrorCodeE4from
FNDA:0,_RNvXs5_NtNtCs5hCjilINUCv_17hyperlight_common19flatbuffer_wrappers11guest_errorINtNtCs7h7qHWfF5BF_5alloc3vec3VechEINtNtCs649FzoMgw5V_4core7convert7TryFromRNtB5_10GuestErrorE8try_from
FNDA:0,_RNCNvXs4_NtNtCs5hCjilINUCv_17hyperlight_common19flatbuffer_wrappers11guest_errorNtB7_10GuestErrorINtNtCs649FzoMgw5V_4core7convert7TryFromRShE8try_from0Bb_
FNDA:0,_RNvMs3_NtNtCs5hCjilINUCv_17hyperlight_common19flatbuffer_wrappers11guest_errorNtB5_10GuestError3new
FNDA:0,_RNvXs0_NtNtCs5hCjilINUCv_17hyperlight_common19flatbuffer_wrappers11guest_errorNtB5_9ErrorCodeINtNtCs649FzoMgw5V_4core7convert4FromyE4from
FNDA:0,_RNvXs1_NtNtCs5hCjilINUCv_17hyperlight_common19flatbuffer_wrappers11guest_erroryINtNtCs649FzoMgw5V_4core7convert4FromNtB5_9ErrorCodeE4from
FNDA:0,_RNvXs4_NtNtCs5hCjilINUCv_17hyperlight_common19flatbuffer_wrappers11guest_errorNtB5_10GuestErrorINtNtCs649FzoMgw5V_4core7convert7TryFromRShE8try_from
FNDA:0,_RNvXs6_NtNtCs5hCjilINUCv_17hyperlight_common19flatbuffer_wrappers11guest_errorNtB5_10GuestErrorNtNtCs649FzoMgw5V_4core7default7Default7default
FNDA:0,_RNvXs_NtNtCs5hCjilINUCv_17hyperlight_common19flatbuffer_wrappers11guest_errorNtB4_9ErrorCodeINtNtCs649FzoMgw5V_4core7convert4FromNtNtNtNtNtB8_11flatbuffers10hyperlight9generated20error_code_generated9ErrorCodeE4from
FNDA:0,_RNvXNtNtCs5hCjilINUCv_17hyperlight_common19flatbuffer_wrappers11guest_errorNtNtNtNtNtB6_11flatbuffers10hyperlight9generated20error_code_generated9ErrorCodeINtNtCs649FzoMgw5V_4core7convert4FromNtB2_9ErrorCodeE4from
FNDA:0,_RNvXs2_NtNtCs5hCjilINUCv_17hyperlight_common19flatbuffer_wrappers11guest_errorNtNtCs7h7qHWfF5BF_5alloc6string6StringINtNtCs649FzoMgw5V_4core7convert4FromNtB5_9ErrorCodeE4from
FNF:10
FNH:0
DA:54,0
DA:55,0
DA:56,0
DA:57,0
DA:58,0
DA:59,0
DA:61,0
DA:63,0
DA:64,0
DA:65,0
DA:66,0
DA:67,0
DA:68,0
DA:69,0
DA:70,0
DA:72,0
DA:74,0
DA:75,0
DA:77,0
DA:81,0
DA:82,0
DA:83,0
DA:84,0
DA:85,0
DA:86,0
DA:88,0
DA:90,0
DA:91,0
DA:92,0
DA:93,0
DA:94,0
DA:95,0
DA:96,0
DA:98,0
DA:100,0
DA:101,0
DA:102,0
DA:104,0
DA:108,0
DA:109,0
DA:110,0
DA:111,0
DA:112,0
DA:113,0
DA:114,0
DA:115,0
DA:116,0
DA:117,0
DA:118,0
DA:119,0
DA:120,0
DA:121,0
DA:122,0
DA:123,0
DA:124,0
DA:125,0
DA:126,0
DA:128,0
DA:132,0
DA:133,0
DA:134,0
DA:135,0
DA:136,0
DA:137,0
DA:138,0
DA:139,0
DA:140,0
DA:141,0
DA:142,0
DA:143,0
DA:144,0
DA:145,0
DA:146,0
DA:147,0
DA:148,0
DA:149,0
DA:151,0
DA:155,0
DA:156,0
DA:157,0
DA:158,0
DA:159,0
DA:160,0
DA:162,0
DA:164,0
DA:165,0
DA:166,0
DA:167,0
DA:168,0
DA:169,0
DA:170,0
DA:171,0
DA:173,0
DA:175,0
DA:176,0
DA:178,0
DA:192,0
DA:193,0
DA:194,0
DA:199,0
DA:200,0
DA:201,0
DA:202,0
DA:203,0
DA:204,0
DA:205,0
DA:207,0
DA:208,0
DA:209,0
DA:210,0
DA:211,0
DA:217,0
DA:232,0
DA:237,0
DA:238,0
DA:239,0
DA:240,0
DA:241,0
DA:242,0
BRF:0
BRH:0
LF:120
LH:0
end_of_record
SF:/home/runner/work/hyperlight/hyperlight/src/hyperlight_common/src/flatbuffer_wrappers/guest_log_data.rs
FN:90,_RNvXs0_NtNtCs5hCjilINUCv_17hyperlight_common19flatbuffer_wrappers14guest_log_dataINtNtCs7h7qHWfF5BF_5alloc3vec3VechEINtNtCs649FzoMgw5V_4core7convert7TryFromRNtB5_12GuestLogDataE8try_from
FN:119,_RNvXs1_NtNtCs5hCjilINUCv_17hyperlight_common19flatbuffer_wrappers14guest_log_dataINtNtCs7h7qHWfF5BF_5alloc3vec3VechEINtNtCs649FzoMgw5V_4core7convert7TryFromNtB5_12GuestLogDataE8try_from
FN:126,_RNCNCNvNtNtCs5hCjilINUCv_17hyperlight_common19flatbuffer_wrappers14guest_log_data24convert_generated_option00B9_
FN:127,_RNCNCNvNtNtCs5hCjilINUCv_17hyperlight_common19flatbuffer_wrappers14guest_log_data24convert_generated_option0s_0B9_
FN:68,_RNCNCNvXs_NtNtCs5hCjilINUCv_17hyperlight_common19flatbuffer_wrappers14guest_log_dataNtB8_12GuestLogDataINtNtCs649FzoMgw5V_4core7convert7TryFromRShE8try_from00Bc_
FN:44,_RNvMNtNtCs5hCjilINUCv_17hyperlight_common19flatbuffer_wrappers14guest_log_dataNtB2_12GuestLogData3new
FN:125,_RNvNtNtCs5hCjilINUCv_17hyperlight_common19flatbuffer_wrappers14guest_log_data24convert_generated_option
FN:66,_RNvXs_NtNtCs5hCjilINUCv_17hyperlight_common19flatbuffer_wrappers14guest_log_dataNtB4_12GuestLogDataINtNtCs649FzoMgw5V_4core7convert7TryFromRShE8try_from
FNDA:0,_RNvXs0_NtNtCs5hCjilINUCv_17hyperlight_common19flatbuffer_wrappers14guest_log_dataINtNtCs7h7qHWfF5BF_5alloc3vec3VechEINtNtCs649FzoMgw5V_4core7convert7TryFromRNtB5_12GuestLogDataE8try_from
FNDA:0,_RNvXs1_NtNtCs5hCjilINUCv_17hyperlight_common19flatbuffer_wrappers14guest_log_dataINtNtCs7h7qHWfF5BF_5alloc3vec3VechEINtNtCs649FzoMgw5V_4core7convert7TryFromNtB5_12GuestLogDataE8try_from
FNDA:0,_RNCNCNvNtNtCs5hCjilINUCv_17hyperlight_common19flatbuffer_wrappers14guest_log_data24convert_generated_option00B9_
FNDA:0,_RNCNCNvNtNtCs5hCjilINUCv_17hyperlight_common19flatbuffer_wrappers14guest_log_data24convert_generated_option0s_0B9_
FNDA:0,_RNCNCNvXs_NtNtCs5hCjilINUCv_17hyperlight_common19flatbuffer_wrappers14guest_log_dataNtB8_12GuestLogDataINtNtCs649FzoMgw5V_4core7convert7TryFromRShE8try_from00Bc_
FNDA:0,_RNvMNtNtCs5hCjilINUCv_17hyperlight_common19flatbuffer_wrappers14guest_log_dataNtB2_12GuestLogData3new
FNDA:0,_RNvNtNtCs5hCjilINUCv_17hyperlight_common19flatbuffer_wrappers14guest_log_data24convert_generated_option
FNDA:0,_RNvXs_NtNtCs5hCjilINUCv_17hyperlight_common19flatbuffer_wrappers14guest_log_dataNtB4_12GuestLogDataINtNtCs649FzoMgw5V_4core7convert7TryFromRShE8try_from
FNF:8
FNH:0
DA:44,0
DA:45,0
DA:46,0
DA:47,0
DA:48,0
DA:49,0
DA:50,0
DA:51,0
DA:52,0
DA:53,0
DA:54,0
DA:55,0
DA:56,0
DA:57,0
DA:58,0
DA:59,0
DA:60,0
DA:66,0
DA:68,0
DA:84,0
DA:90,0
DA:113,0
DA:119,0
DA:121,0
DA:125,0
DA:126,0
DA:127,0
DA:128,0
BRF:0
BRH:0
LF:28
LH:0
end_of_record
SF:/home/runner/work/hyperlight/hyperlight/src/hyperlight_common/src/flatbuffer_wrappers/guest_log_level.rs
FN:38,_RNvXNtNtCs5hCjilINUCv_17hyperlight_common19flatbuffer_wrappers15guest_log_levelNtB2_8LogLevelINtNtCs649FzoMgw5V_4core7convert4FromhE4from
FN:105,_RNvXs2_NtNtCs5hCjilINUCv_17hyperlight_common19flatbuffer_wrappers15guest_log_levelNtB5_8LogLevelINtNtCs649FzoMgw5V_4core7convert4FromNtCs6LoaI5J4jQ3_3log5LevelE4from
FN:54,_RNvXs_NtNtCs5hCjilINUCv_17hyperlight_common19flatbuffer_wrappers15guest_log_levelNtB4_8LogLevelINtNtCs649FzoMgw5V_4core7convert7TryFromRNtNtNtNtNtB8_11flatbuffers10hyperlight9generated19log_level_generated8LogLevelE8try_from
FN:72,_RNvXs0_NtNtCs5hCjilINUCv_17hyperlight_common19flatbuffer_wrappers15guest_log_levelNtNtNtNtNtB9_11flatbuffers10hyperlight9generated19log_level_generated8LogLevelINtNtCs649FzoMgw5V_4core7convert4FromRNtB5_8LogLevelE4from
FN:90,_RNvXs1_NtNtCs5hCjilINUCv_17hyperlight_common19flatbuffer_wrappers15guest_log_levelNtCs6LoaI5J4jQ3_3log5LevelINtNtCs649FzoMgw5V_4core7convert4FromRNtB5_8LogLevelE4from
FNDA:0,_RNvXNtNtCs5hCjilINUCv_17hyperlight_common19flatbuffer_wrappers15guest_log_levelNtB2_8LogLevelINtNtCs649FzoMgw5V_4core7convert4FromhE4from
FNDA:0,_RNvXs2_NtNtCs5hCjilINUCv_17hyperlight_common19flatbuffer_wrappers15guest_log_levelNtB5_8LogLevelINtNtCs649FzoMgw5V_4core7convert4FromNtCs6LoaI5J4jQ3_3log5LevelE4from
FNDA:0,_RNvXs_NtNtCs5hCjilINUCv_17hyperlight_common19flatbuffer_wrappers15guest_log_levelNtB4_8LogLevelINtNtCs649FzoMgw5V_4core7convert7TryFromRNtNtNtNtNtB8_11flatbuffers10hyperlight9generated19log_level_generated8LogLevelE8try_from
FNDA:0,_RNvXs0_NtNtCs5hCjilINUCv_17hyperlight_common19flatbuffer_wrappers15guest_log_levelNtNtNtNtNtB9_11flatbuffers10hyperlight9generated19log_level_generated8LogLevelINtNtCs649FzoMgw5V_4core7convert4FromRNtB5_8LogLevelE4from
FNDA:0,_RNvXs1_NtNtCs5hCjilINUCv_17hyperlight_common19flatbuffer_wrappers15guest_log_levelNtCs6LoaI5J4jQ3_3log5LevelINtNtCs649FzoMgw5V_4core7convert4FromRNtB5_8LogLevelE4from
FNF:5
FNH:0
DA:38,0
DA:39,0
DA:40,0
DA:41,0
DA:42,0
DA:43,0
DA:44,0
DA:45,0
DA:46,0
DA:48,0
DA:54,0
DA:55,0
DA:67,0
DA:72,0
DA:73,0
DA:74,0
DA:75,0
DA:76,0
DA:77,0
DA:78,0
DA:79,0
DA:80,0
DA:82,0
DA:90,0
DA:91,0
DA:92,0
DA:93,0
DA:94,0
DA:95,0
DA:96,0
DA:97,0
DA:99,0
DA:101,0
DA:105,0
DA:106,0
DA:107,0
DA:108,0
DA:109,0
DA:110,0
DA:111,0
DA:113,0
BRF:0
BRH:0
LF:41
LH:0
end_of_record
SF:/home/runner/work/hyperlight/hyperlight/src/hyperlight_common/src/flatbuffer_wrappers/host_function_definition.rs
FN:154,_RNvXs1_NtNtCs5hCjilINUCv_17hyperlight_common19flatbuffer_wrappers24host_function_definitionINtNtCs7h7qHWfF5BF_5alloc3vec3VechEINtNtCs649FzoMgw5V_4core7convert7TryFromRNtB5_22HostFunctionDefinitionE8try_from
FN:146,_RNCNCNvXs0_NtNtCs5hCjilINUCv_17hyperlight_common19flatbuffer_wrappers24host_function_definitionNtB9_22HostFunctionDefinitionINtNtCs649FzoMgw5V_4core7convert7TryFromRShE8try_from00Bd_
FN:113,_RNCNCNvXs_NtNtCs5hCjilINUCv_17hyperlight_common19flatbuffer_wrappers24host_function_definitionNtB8_22HostFunctionDefinitionINtNtCs649FzoMgw5V_4core7convert7TryFromRNtNtNtNtNtBc_11flatbuffers10hyperlight9generated34host_function_definition_generated22HostFunctionDefinitionE8try_from00Bc_
FN:124,_RNCNCNvXs_NtNtCs5hCjilINUCv_17hyperlight_common19flatbuffer_wrappers24host_function_definitionNtB8_22HostFunctionDefinitionINtNtCs649FzoMgw5V_4core7convert7TryFromRNtNtNtNtNtBc_11flatbuffers10hyperlight9generated34host_function_definition_generated22HostFunctionDefinitionE8try_from0s_0Bc_
FN:59,_RNvMNtNtCs5hCjilINUCv_17hyperlight_common19flatbuffer_wrappers24host_function_definitionNtB2_22HostFunctionDefinition25convert_to_flatbuffer_def
FN:93,_RNvMNtNtCs5hCjilINUCv_17hyperlight_common19flatbuffer_wrappers24host_function_definitionNtB2_22HostFunctionDefinition28verify_equal_parameter_types
FN:45,_RNvMNtNtCs5hCjilINUCv_17hyperlight_common19flatbuffer_wrappers24host_function_definitionNtB2_22HostFunctionDefinition3new
FN:144,_RNvXs0_NtNtCs5hCjilINUCv_17hyperlight_common19flatbuffer_wrappers24host_function_definitionNtB5_22HostFunctionDefinitionINtNtCs649FzoMgw5V_4core7convert7TryFromRShE8try_from
FN:111,_RNvXs_NtNtCs5hCjilINUCv_17hyperlight_common19flatbuffer_wrappers24host_function_definitionNtB4_22HostFunctionDefinitionINtNtCs649FzoMgw5V_4core7convert7TryFromRNtNtNtNtNtB8_11flatbuffers10hyperlight9generated34host_function_definition_generated22HostFunctionDefinitionE8try_from
FNDA:0,_RNvXs1_NtNtCs5hCjilINUCv_17hyperlight_common19flatbuffer_wrappers24host_function_definitionINtNtCs7h7qHWfF5BF_5alloc3vec3VechEINtNtCs649FzoMgw5V_4core7convert7TryFromRNtB5_22HostFunctionDefinitionE8try_from
FNDA:0,_RNCNCNvXs0_NtNtCs5hCjilINUCv_17hyperlight_common19flatbuffer_wrappers24host_function_definitionNtB9_22HostFunctionDefinitionINtNtCs649FzoMgw5V_4core7convert7TryFromRShE8try_from00Bd_
FNDA:0,_RNCNCNvXs_NtNtCs5hCjilINUCv_17hyperlight_common19flatbuffer_wrappers24host_function_definitionNtB8_22HostFunctionDefinitionINtNtCs649FzoMgw5V_4core7convert7TryFromRNtNtNtNtNtBc_11flatbuffers10hyperlight9generated34host_function_definition_generated22HostFunctionDefinitionE8try_from00Bc_
FNDA:0,_RNCNCNvXs_NtNtCs5hCjilINUCv_17hyperlight_common19flatbuffer_wrappers24host_function_definitionNtB8_22HostFunctionDefinitionINtNtCs649FzoMgw5V_4core7convert7TryFromRNtNtNtNtNtBc_11flatbuffers10hyperlight9generated34host_function_definition_generated22HostFunctionDefinitionE8try_from0s_0Bc_
FNDA:150,_RNvMNtNtCs5hCjilINUCv_17hyperlight_common19flatbuffer_wrappers24host_function_definitionNtB2_22HostFunctionDefinition25convert_to_flatbuffer_def
FNDA:0,_RNvMNtNtCs5hCjilINUCv_17hyperlight_common19flatbuffer_wrappers24host_function_definitionNtB2_22HostFunctionDefinition28verify_equal_parameter_types
FNDA:75,_RNvMNtNtCs5hCjilINUCv_17hyperlight_common19flatbuffer_wrappers24host_function_definitionNtB2_22HostFunctionDefinition3new
FNDA:0,_RNvXs0_NtNtCs5hCjilINUCv_17hyperlight_common19flatbuffer_wrappers24host_function_definitionNtB5_22HostFunctionDefinitionINtNtCs649FzoMgw5V_4core7convert7TryFromRShE8try_from
FNDA:75,_RNvXs_NtNtCs5hCjilINUCv_17hyperlight_common19flatbuffer_wrappers24host_function_definitionNtB4_22HostFunctionDefinitionINtNtCs649FzoMgw5V_4core7convert7TryFromRNtNtNtNtNtB8_11flatbuffers10hyperlight9generated34host_function_definition_generated22HostFunctionDefinitionE8try_from
FNF:9
FNH:3
DA:45,75
DA:46,75
DA:47,75
DA:48,75
DA:49,75
DA:50,75
DA:51,75
DA:52,75
DA:53,75
DA:54,75
DA:55,75
DA:59,150
DA:60,150
DA:61,150
DA:62,150
DA:89,150
DA:93,0
DA:94,0
DA:95,0
DA:96,0
DA:105,0
DA:111,75
DA:113,0
DA:114,0
DA:115,0
DA:116,0
DA:117,0
DA:118,0
DA:124,0
DA:125,0
DA:126,0
DA:127,0
DA:128,0
DA:129,0
DA:138,75
DA:144,0
DA:146,0
DA:148,0
DA:154,0
DA:159,0
BRF:0
BRH:0
LF:40
LH:18
end_of_record
SF:/home/runner/work/hyperlight/hyperlight/src/hyperlight_common/src/flatbuffer_wrappers/host_function_details.rs
FN:70,_RNvXs_NtNtCs5hCjilINUCv_17hyperlight_common19flatbuffer_wrappers21host_function_detailsINtNtCs7h7qHWfF5BF_5alloc3vec3VechEINtNtCs649FzoMgw5V_4core7convert7TryFromRNtB4_19HostFunctionDetailsE8try_from
FN:43,_RNCNCNvXNtNtCs5hCjilINUCv_17hyperlight_common19flatbuffer_wrappers21host_function_detailsNtB6_19HostFunctionDetailsINtNtCs649FzoMgw5V_4core7convert7TryFromRShE8try_from00Ba_
FN:89,_RNCNCNvXs_NtNtCs5hCjilINUCv_17hyperlight_common19flatbuffer_wrappers21host_function_detailsINtNtCs7h7qHWfF5BF_5alloc3vec3VechEINtNtCs649FzoMgw5V_4core7convert7TryFromRNtB8_19HostFunctionDetailsE8try_from00Bc_
FN:41,_RNvXNtNtCs5hCjilINUCv_17hyperlight_common19flatbuffer_wrappers21host_function_detailsNtB2_19HostFunctionDetailsINtNtCs649FzoMgw5V_4core7convert7TryFromRShE8try_from
FNDA:142,_RNvXs_NtNtCs5hCjilINUCv_17hyperlight_common19flatbuffer_wrappers21host_function_detailsINtNtCs7h7qHWfF5BF_5alloc3vec3VechEINtNtCs649FzoMgw5V_4core7convert7TryFromRNtB4_19HostFunctionDetailsE8try_from
FNDA:0,_RNCNCNvXNtNtCs5hCjilINUCv_17hyperlight_common19flatbuffer_wrappers21host_function_detailsNtB6_19HostFunctionDetailsINtNtCs649FzoMgw5V_4core7convert7TryFromRShE8try_from00Ba_
FNDA:142,_RNCNCNvXs_NtNtCs5hCjilINUCv_17hyperlight_common19flatbuffer_wrappers21host_function_detailsINtNtCs7h7qHWfF5BF_5alloc3vec3VechEINtNtCs649FzoMgw5V_4core7convert7TryFromRNtB8_19HostFunctionDetailsE8try_from00Bc_
FNDA:71,_RNvXNtNtCs5hCjilINUCv_17hyperlight_common19flatbuffer_wrappers21host_function_detailsNtB2_19HostFunctionDetailsINtNtCs649FzoMgw5V_4core7convert7TryFromRShE8try_from
FNF:4
FNH:3
DA:41,71
DA:43,0
DA:64,71
DA:70,142
DA:89,142
DA:101,142
BRF:0
BRH:0
LF:6
LH:5
end_of_record
SF:/home/runner/work/hyperlight/hyperlight/src/hyperlight_common/src/flatbuffer_wrappers/util.rs
FN:187,_RNvNtNtCs5hCjilINUCv_17hyperlight_common19flatbuffer_wrappers4util28estimate_flatbuffer_capacityCsbhnjpcZuJYb_15hyperlight_host
FN:52,_RNvXNtNtCs5hCjilINUCv_17hyperlight_common19flatbuffer_wrappers4utiluNtB2_22FlatbufferSerializable9serialize
FN:79,_RNvXs0_NtNtCs5hCjilINUCv_17hyperlight_common19flatbuffer_wrappers4utilRShNtB5_22FlatbufferSerializable9serialize
FN:98,_RNvXs1_NtNtCs5hCjilINUCv_17hyperlight_common19flatbuffer_wrappers4utilfNtB5_22FlatbufferSerializable9serialize
FN:109,_RNvXs2_NtNtCs5hCjilINUCv_17hyperlight_common19flatbuffer_wrappers4utildNtB5_22FlatbufferSerializable9serialize
FN:120,_RNvXs3_NtNtCs5hCjilINUCv_17hyperlight_common19flatbuffer_wrappers4utillNtB5_22FlatbufferSerializable9serialize
FN:131,_RNvXs4_NtNtCs5hCjilINUCv_17hyperlight_common19flatbuffer_wrappers4utilxNtB5_22FlatbufferSerializable9serialize
FN:142,_RNvXs5_NtNtCs5hCjilINUCv_17hyperlight_common19flatbuffer_wrappers4utilmNtB5_22FlatbufferSerializable9serialize
FN:153,_RNvXs6_NtNtCs5hCjilINUCv_17hyperlight_common19flatbuffer_wrappers4utilyNtB5_22FlatbufferSerializable9serialize
FN:164,_RNvXs7_NtNtCs5hCjilINUCv_17hyperlight_common19flatbuffer_wrappers4utilbNtB5_22FlatbufferSerializable9serialize
FN:61,_RNvXs_NtNtCs5hCjilINUCv_17hyperlight_common19flatbuffer_wrappers4utilReNtB4_22FlatbufferSerializable9serialize
FN:35,_RINvNtNtCs5hCjilINUCv_17hyperlight_common19flatbuffer_wrappers4util21get_flatbuffer_resultpEB6_
FN:187,_RNvNtNtCs5hCjilINUCv_17hyperlight_common19flatbuffer_wrappers4util28estimate_flatbuffer_capacityB5_
FN:187,_RNvNtNtCs5hCjilINUCv_17hyperlight_common19flatbuffer_wrappers4util28estimate_flatbuffer_capacityCs9Wvk7SR8Ovp_15hyperlight_host
FNDA:0,_RNvNtNtCs5hCjilINUCv_17hyperlight_common19flatbuffer_wrappers4util28estimate_flatbuffer_capacityCsbhnjpcZuJYb_15hyperlight_host
FNDA:0,_RNvXNtNtCs5hCjilINUCv_17hyperlight_common19flatbuffer_wrappers4utiluNtB2_22FlatbufferSerializable9serialize
FNDA:0,_RNvXs0_NtNtCs5hCjilINUCv_17hyperlight_common19flatbuffer_wrappers4utilRShNtB5_22FlatbufferSerializable9serialize
FNDA:0,_RNvXs1_NtNtCs5hCjilINUCv_17hyperlight_common19flatbuffer_wrappers4utilfNtB5_22FlatbufferSerializable9serialize
FNDA:0,_RNvXs2_NtNtCs5hCjilINUCv_17hyperlight_common19flatbuffer_wrappers4utildNtB5_22FlatbufferSerializable9serialize
FNDA:0,_RNvXs3_NtNtCs5hCjilINUCv_17hyperlight_common19flatbuffer_wrappers4utillNtB5_22FlatbufferSerializable9serialize
FNDA:0,_RNvXs4_NtNtCs5hCjilINUCv_17hyperlight_common19flatbuffer_wrappers4utilxNtB5_22FlatbufferSerializable9serialize
FNDA:0,_RNvXs5_NtNtCs5hCjilINUCv_17hyperlight_common19flatbuffer_wrappers4utilmNtB5_22FlatbufferSerializable9serialize
FNDA:0,_RNvXs6_NtNtCs5hCjilINUCv_17hyperlight_common19flatbuffer_wrappers4utilyNtB5_22FlatbufferSerializable9serialize
FNDA:0,_RNvXs7_NtNtCs5hCjilINUCv_17hyperlight_common19flatbuffer_wrappers4utilbNtB5_22FlatbufferSerializable9serialize
FNDA:0,_RNvXs_NtNtCs5hCjilINUCv_17hyperlight_common19flatbuffer_wrappers4utilReNtB4_22FlatbufferSerializable9serialize
FNDA:0,_RINvNtNtCs5hCjilINUCv_17hyperlight_common19flatbuffer_wrappers4util21get_flatbuffer_resultpEB6_
FNDA:0,_RNvNtNtCs5hCjilINUCv_17hyperlight_common19flatbuffer_wrappers4util28estimate_flatbuffer_capacityB5_
FNDA:0,_RNvNtNtCs5hCjilINUCv_17hyperlight_common19flatbuffer_wrappers4util28estimate_flatbuffer_capacityCs9Wvk7SR8Ovp_15hyperlight_host
FNF:12
FNH:0
DA:35,0
DA:36,0
DA:37,0
DA:38,0
DA:39,0
DA:40,0
DA:41,0
DA:42,0
DA:43,0
DA:52,0
DA:53,0
DA:54,0
DA:55,0
DA:56,0
DA:57,0
DA:61,0
DA:62,0
DA:63,0
DA:64,0
DA:65,0
DA:66,0
DA:67,0
DA:68,0
DA:69,0
DA:70,0
DA:71,0
DA:72,0
DA:73,0
DA:74,0
DA:75,0
DA:79,0
DA:80,0
DA:81,0
DA:82,0
DA:83,0
DA:84,0
DA:85,0
DA:86,0
DA:87,0
DA:88,0
DA:89,0
DA:90,0
DA:91,0
DA:92,0
DA:93,0
DA:94,0
DA:98,0
DA:99,0
DA:100,0
DA:101,0
DA:102,0
DA:103,0
DA:104,0
DA:105,0
DA:109,0
DA:110,0
DA:111,0
DA:112,0
DA:113,0
DA:114,0
DA:115,0
DA:116,0
DA:120,0
DA:121,0
DA:122,0
DA:123,0
DA:124,0
DA:125,0
DA:126,0
DA:127,0
DA:131,0
DA:132,0
DA:133,0
DA:134,0
DA:135,0
DA:136,0
DA:137,0
DA:138,0
DA:142,0
DA:143,0
DA:144,0
DA:145,0
DA:146,0
DA:147,0
DA:148,0
DA:149,0
DA:153,0
DA:154,0
DA:155,0
DA:156,0
DA:157,0
DA:158,0
DA:159,0
DA:160,0
DA:164,0
DA:165,0
DA:166,0
DA:167,0
DA:168,0
DA:169,0
DA:170,0
DA:171,0
DA:187,0
DA:188,0
DA:189,0
DA:190,0
DA:191,0
DA:192,0
DA:193,0
DA:194,0
DA:197,0
DA:198,0
DA:199,0
DA:200,0
DA:201,0
DA:202,0
DA:203,0
DA:204,0
DA:205,0
DA:206,0
DA:211,0
DA:212,0
BRF:0
BRH:0
LF:122
LH:0
end_of_record
SF:/home/runner/work/hyperlight/hyperlight/src/hyperlight_common/src/flatbuffers/hyperlight/generated/error_code_generated.rs
FN:143,_RNvXs2_NtNtNtNtCs5hCjilINUCv_17hyperlight_common11flatbuffers10hyperlight9generated20error_code_generatedNtB5_9ErrorCodeNtNtCsdyFvlONsh1u_11flatbuffers13endian_scalar12EndianScalar16to_little_endianBd_
FN:148,_RNvXs2_NtNtNtNtCs5hCjilINUCv_17hyperlight_common11flatbuffers10hyperlight9generated20error_code_generatedNtB5_9ErrorCodeNtNtCsdyFvlONsh1u_11flatbuffers13endian_scalar12EndianScalar18from_little_endianBd_
FN:90,_RNvMNtNtNtNtCs5hCjilINUCv_17hyperlight_common11flatbuffers10hyperlight9generated20error_code_generatedNtB2_9ErrorCode12variant_name
FN:126,_RNvXs0_NtNtNtNtCs5hCjilINUCv_17hyperlight_common11flatbuffers10hyperlight9generated20error_code_generatedNtB5_9ErrorCodeNtNtCsdyFvlONsh1u_11flatbuffers6follow6Follow6followBd_
FN:135,_RNvXs1_NtNtNtNtCs5hCjilINUCv_17hyperlight_common11flatbuffers10hyperlight9generated20error_code_generatedNtB5_9ErrorCodeNtNtCsdyFvlONsh1u_11flatbuffers4push4Push4pushBd_
FN:156,_RNvXs3_NtNtNtNtCs5hCjilINUCv_17hyperlight_common11flatbuffers10hyperlight9generated20error_code_generatedNtB5_9ErrorCodeNtNtCsdyFvlONsh1u_11flatbuffers8verifier10Verifiable12run_verifierBd_
FN:115,_RNvXs_NtNtNtNtCs5hCjilINUCv_17hyperlight_common11flatbuffers10hyperlight9generated20error_code_generatedNtB4_9ErrorCodeNtNtCs649FzoMgw5V_4core3fmt5Debug3fmt
FNDA:0,_RNvXs2_NtNtNtNtCs5hCjilINUCv_17hyperlight_common11flatbuffers10hyperlight9generated20error_code_generatedNtB5_9ErrorCodeNtNtCsdyFvlONsh1u_11flatbuffers13endian_scalar12EndianScalar16to_little_endianBd_
FNDA:0,_RNvXs2_NtNtNtNtCs5hCjilINUCv_17hyperlight_common11flatbuffers10hyperlight9generated20error_code_generatedNtB5_9ErrorCodeNtNtCsdyFvlONsh1u_11flatbuffers13endian_scalar12EndianScalar18from_little_endianBd_
FNDA:0,_RNvMNtNtNtNtCs5hCjilINUCv_17hyperlight_common11flatbuffers10hyperlight9generated20error_code_generatedNtB2_9ErrorCode12variant_name
FNDA:0,_RNvXs0_NtNtNtNtCs5hCjilINUCv_17hyperlight_common11flatbuffers10hyperlight9generated20error_code_generatedNtB5_9ErrorCodeNtNtCsdyFvlONsh1u_11flatbuffers6follow6Follow6followBd_
FNDA:0,_RNvXs1_NtNtNtNtCs5hCjilINUCv_17hyperlight_common11flatbuffers10hyperlight9generated20error_code_generatedNtB5_9ErrorCodeNtNtCsdyFvlONsh1u_11flatbuffers4push4Push4pushBd_
FNDA:0,_RNvXs3_NtNtNtNtCs5hCjilINUCv_17hyperlight_common11flatbuffers10hyperlight9generated20error_code_generatedNtB5_9ErrorCodeNtNtCsdyFvlONsh1u_11flatbuffers8verifier10Verifiable12run_verifierBd_
FNDA:0,_RNvXs_NtNtNtNtCs5hCjilINUCv_17hyperlight_common11flatbuffers10hyperlight9generated20error_code_generatedNtB4_9ErrorCodeNtNtCs649FzoMgw5V_4core3fmt5Debug3fmt
FNF:7
FNH:0
DA:90,0
DA:91,0
DA:92,0
DA:93,0
DA:94,0
DA:95,0
DA:97,0
DA:99,0
DA:100,0
DA:101,0
DA:102,0
DA:103,0
DA:104,0
DA:105,0
DA:106,0
DA:107,0
DA:108,0
DA:109,0
DA:110,0
DA:112,0
DA:115,0
DA:116,0
DA:117,0
DA:119,0
DA:121,0
DA:126,0
DA:127,0
DA:128,0
DA:129,0
DA:135,0
DA:136,0
DA:137,0
DA:143,0
DA:144,0
DA:145,0
DA:148,0
DA:149,0
DA:150,0
DA:151,0
DA:156,0
DA:157,0
DA:158,0
DA:159,0
DA:161,0
DA:162,0
BRF:0
BRH:0
LF:45
LH:0
end_of_record
SF:/home/runner/work/hyperlight/hyperlight/src/hyperlight_common/src/flatbuffers/hyperlight/generated/function_call_generated.rs
FN:303,_RINvNtNtNtNtCs5hCjilINUCv_17hyperlight_common11flatbuffers10hyperlight9generated23function_call_generated27finish_function_call_bufferpEBa_
FN:311,_RINvNtNtNtNtCs5hCjilINUCv_17hyperlight_common11flatbuffers10hyperlight9generated23function_call_generated41finish_size_prefixed_function_call_bufferpEBa_
FN:37,_RNvMs_NtNtNtNtCs5hCjilINUCv_17hyperlight_common11flatbuffers10hyperlight9generated23function_call_generatedNtB4_12FunctionCall15init_from_tableBc_
FN:69,_RNvMs_NtNtNtNtCs5hCjilINUCv_17hyperlight_common11flatbuffers10hyperlight9generated23function_call_generatedNtB4_12FunctionCall21key_compare_less_thanBc_
FN:74,_RNvMs_NtNtNtNtCs5hCjilINUCv_17hyperlight_common11flatbuffers10hyperlight9generated23function_call_generatedNtB4_12FunctionCall22key_compare_with_valueBc_
FN:247,_RNvNtNtNtNtCs5hCjilINUCv_17hyperlight_common11flatbuffers10hyperlight9generated23function_call_generated21root_as_function_callB9_
FN:292,_RNvNtNtNtNtCs5hCjilINUCv_17hyperlight_common11flatbuffers10hyperlight9generated23function_call_generated31root_as_function_call_uncheckedB9_
FN:269,_RNvNtNtNtNtCs5hCjilINUCv_17hyperlight_common11flatbuffers10hyperlight9generated23function_call_generated31root_as_function_call_with_optsB9_
FN:257,_RNvNtNtNtNtCs5hCjilINUCv_17hyperlight_common11flatbuffers10hyperlight9generated23function_call_generated35size_prefixed_root_as_function_callB9_
FN:299,_RNvNtNtNtNtCs5hCjilINUCv_17hyperlight_common11flatbuffers10hyperlight9generated23function_call_generated45size_prefixed_root_as_function_call_uncheckedB9_
FN:282,_RNvNtNtNtNtCs5hCjilINUCv_17hyperlight_common11flatbuffers10hyperlight9generated23function_call_generated45size_prefixed_root_as_function_call_with_optsB9_
FN:163,_RNvXs1_NtNtNtNtCs5hCjilINUCv_17hyperlight_common11flatbuffers10hyperlight9generated23function_call_generatedNtB5_16FunctionCallArgsNtNtCs649FzoMgw5V_4core7default7Default7defaultBd_
FN:41,_RINvMs_NtNtNtNtCs5hCjilINUCv_17hyperlight_common11flatbuffers10hyperlight9generated23function_call_generatedNtB5_12FunctionCall6createNtNtCsdyFvlONsh1u_11flatbuffers7builder16DefaultAllocatorEBd_
FN:186,_RNvMs2_NtNtNtNtCs5hCjilINUCv_17hyperlight_common11flatbuffers10hyperlight9generated23function_call_generatedINtB5_19FunctionCallBuilderNtNtCsdyFvlONsh1u_11flatbuffers7builder16DefaultAllocatorE14add_parametersBd_
FN:179,_RNvMs2_NtNtNtNtCs5hCjilINUCv_17hyperlight_common11flatbuffers10hyperlight9generated23function_call_generatedINtB5_19FunctionCallBuilderNtNtCsdyFvlONsh1u_11flatbuffers7builder16DefaultAllocatorE17add_function_nameBd_
FN:196,_RNvMs2_NtNtNtNtCs5hCjilINUCv_17hyperlight_common11flatbuffers10hyperlight9generated23function_call_generatedINtB5_19FunctionCallBuilderNtNtCsdyFvlONsh1u_11flatbuffers7builder16DefaultAllocatorE22add_function_call_typeBd_
FN:204,_RNvMs2_NtNtNtNtCs5hCjilINUCv_17hyperlight_common11flatbuffers10hyperlight9generated23function_call_generatedINtB5_19FunctionCallBuilderNtNtCsdyFvlONsh1u_11flatbuffers7builder16DefaultAllocatorE24add_expected_return_typeBd_
FN:212,_RNvMs2_NtNtNtNtCs5hCjilINUCv_17hyperlight_common11flatbuffers10hyperlight9generated23function_call_generatedINtB5_19FunctionCallBuilderNtNtCsdyFvlONsh1u_11flatbuffers7builder16DefaultAllocatorE3newBd_
FN:222,_RNvMs2_NtNtNtNtCs5hCjilINUCv_17hyperlight_common11flatbuffers10hyperlight9generated23function_call_generatedINtB5_19FunctionCallBuilderNtNtCsdyFvlONsh1u_11flatbuffers7builder16DefaultAllocatorE6finishBd_
FN:79,_RNvMs_NtNtNtNtCs5hCjilINUCv_17hyperlight_common11flatbuffers10hyperlight9generated23function_call_generatedNtB4_12FunctionCall10parametersBc_
FN:58,_RNvMs_NtNtNtNtCs5hCjilINUCv_17hyperlight_common11flatbuffers10hyperlight9generated23function_call_generatedNtB4_12FunctionCall13function_nameBc_
FN:92,_RNvMs_NtNtNtNtCs5hCjilINUCv_17hyperlight_common11flatbuffers10hyperlight9generated23function_call_generatedNtB4_12FunctionCall18function_call_typeBc_
FN:106,_RNvMs_NtNtNtNtCs5hCjilINUCv_17hyperlight_common11flatbuffers10hyperlight9generated23function_call_generatedNtB4_12FunctionCall20expected_return_typeBc_
FN:23,_RNvXNtNtNtNtCs5hCjilINUCv_17hyperlight_common11flatbuffers10hyperlight9generated23function_call_generatedNtB2_12FunctionCallNtNtCsdyFvlONsh1u_11flatbuffers6follow6Follow6followBa_
FN:123,_RNvXs0_NtNtNtNtCs5hCjilINUCv_17hyperlight_common11flatbuffers10hyperlight9generated23function_call_generatedNtB5_12FunctionCallNtNtCsdyFvlONsh1u_11flatbuffers8verifier10Verifiable12run_verifierBd_
FN:231,_RNvXs3_NtNtNtNtCs5hCjilINUCv_17hyperlight_common11flatbuffers10hyperlight9generated23function_call_generatedNtB5_12FunctionCallNtNtCs649FzoMgw5V_4core3fmt5Debug3fmt
FNDA:0,_RINvNtNtNtNtCs5hCjilINUCv_17hyperlight_common11flatbuffers10hyperlight9generated23function_call_generated27finish_function_call_bufferpEBa_
FNDA:0,_RINvNtNtNtNtCs5hCjilINUCv_17hyperlight_common11flatbuffers10hyperlight9generated23function_call_generated41finish_size_prefixed_function_call_bufferpEBa_
FNDA:0,_RNvMs_NtNtNtNtCs5hCjilINUCv_17hyperlight_common11flatbuffers10hyperlight9generated23function_call_generatedNtB4_12FunctionCall15init_from_tableBc_
FNDA:0,_RNvMs_NtNtNtNtCs5hCjilINUCv_17hyperlight_common11flatbuffers10hyperlight9generated23function_call_generatedNtB4_12FunctionCall21key_compare_less_thanBc_
FNDA:0,_RNvMs_NtNtNtNtCs5hCjilINUCv_17hyperlight_common11flatbuffers10hyperlight9generated23function_call_generatedNtB4_12FunctionCall22key_compare_with_valueBc_
FNDA:0,_RNvNtNtNtNtCs5hCjilINUCv_17hyperlight_common11flatbuffers10hyperlight9generated23function_call_generated21root_as_function_callB9_
FNDA:0,_RNvNtNtNtNtCs5hCjilINUCv_17hyperlight_common11flatbuffers10hyperlight9generated23function_call_generated31root_as_function_call_uncheckedB9_
FNDA:0,_RNvNtNtNtNtCs5hCjilINUCv_17hyperlight_common11flatbuffers10hyperlight9generated23function_call_generated31root_as_function_call_with_optsB9_
FNDA:0,_RNvNtNtNtNtCs5hCjilINUCv_17hyperlight_common11flatbuffers10hyperlight9generated23function_call_generated35size_prefixed_root_as_function_callB9_
FNDA:0,_RNvNtNtNtNtCs5hCjilINUCv_17hyperlight_common11flatbuffers10hyperlight9generated23function_call_generated45size_prefixed_root_as_function_call_uncheckedB9_
FNDA:0,_RNvNtNtNtNtCs5hCjilINUCv_17hyperlight_common11flatbuffers10hyperlight9generated23function_call_generated45size_prefixed_root_as_function_call_with_optsB9_
FNDA:0,_RNvXs1_NtNtNtNtCs5hCjilINUCv_17hyperlight_common11flatbuffers10hyperlight9generated23function_call_generatedNtB5_16FunctionCallArgsNtNtCs649FzoMgw5V_4core7default7Default7defaultBd_
FNDA:0,_RINvMs_NtNtNtNtCs5hCjilINUCv_17hyperlight_common11flatbuffers10hyperlight9generated23function_call_generatedNtB5_12FunctionCall6createNtNtCsdyFvlONsh1u_11flatbuffers7builder16DefaultAllocatorEBd_
FNDA:0,_RNvMs2_NtNtNtNtCs5hCjilINUCv_17hyperlight_common11flatbuffers10hyperlight9generated23function_call_generatedINtB5_19FunctionCallBuilderNtNtCsdyFvlONsh1u_11flatbuffers7builder16DefaultAllocatorE14add_parametersBd_
FNDA:0,_RNvMs2_NtNtNtNtCs5hCjilINUCv_17hyperlight_common11flatbuffers10hyperlight9generated23function_call_generatedINtB5_19FunctionCallBuilderNtNtCsdyFvlONsh1u_11flatbuffers7builder16DefaultAllocatorE17add_function_nameBd_
FNDA:0,_RNvMs2_NtNtNtNtCs5hCjilINUCv_17hyperlight_common11flatbuffers10hyperlight9generated23function_call_generatedINtB5_19FunctionCallBuilderNtNtCsdyFvlONsh1u_11flatbuffers7builder16DefaultAllocatorE22add_function_call_typeBd_
FNDA:0,_RNvMs2_NtNtNtNtCs5hCjilINUCv_17hyperlight_common11flatbuffers10hyperlight9generated23function_call_generatedINtB5_19FunctionCallBuilderNtNtCsdyFvlONsh1u_11flatbuffers7builder16DefaultAllocatorE24add_expected_return_typeBd_
FNDA:0,_RNvMs2_NtNtNtNtCs5hCjilINUCv_17hyperlight_common11flatbuffers10hyperlight9generated23function_call_generatedINtB5_19FunctionCallBuilderNtNtCsdyFvlONsh1u_11flatbuffers7builder16DefaultAllocatorE3newBd_
FNDA:0,_RNvMs2_NtNtNtNtCs5hCjilINUCv_17hyperlight_common11flatbuffers10hyperlight9generated23function_call_generatedINtB5_19FunctionCallBuilderNtNtCsdyFvlONsh1u_11flatbuffers7builder16DefaultAllocatorE6finishBd_
FNDA:0,_RNvMs_NtNtNtNtCs5hCjilINUCv_17hyperlight_common11flatbuffers10hyperlight9generated23function_call_generatedNtB4_12FunctionCall10parametersBc_
FNDA:0,_RNvMs_NtNtNtNtCs5hCjilINUCv_17hyperlight_common11flatbuffers10hyperlight9generated23function_call_generatedNtB4_12FunctionCall13function_nameBc_
FNDA:0,_RNvMs_NtNtNtNtCs5hCjilINUCv_17hyperlight_common11flatbuffers10hyperlight9generated23function_call_generatedNtB4_12FunctionCall18function_call_typeBc_
FNDA:0,_RNvMs_NtNtNtNtCs5hCjilINUCv_17hyperlight_common11flatbuffers10hyperlight9generated23function_call_generatedNtB4_12FunctionCall20expected_return_typeBc_
FNDA:0,_RNvXNtNtNtNtCs5hCjilINUCv_17hyperlight_common11flatbuffers10hyperlight9generated23function_call_generatedNtB2_12FunctionCallNtNtCsdyFvlONsh1u_11flatbuffers6follow6Follow6followBa_
FNDA:0,_RNvXs0_NtNtNtNtCs5hCjilINUCv_17hyperlight_common11flatbuffers10hyperlight9generated23function_call_generatedNtB5_12FunctionCallNtNtCsdyFvlONsh1u_11flatbuffers8verifier10Verifiable12run_verifierBd_
FNDA:0,_RNvXs3_NtNtNtNtCs5hCjilINUCv_17hyperlight_common11flatbuffers10hyperlight9generated23function_call_generatedNtB5_12FunctionCallNtNtCs649FzoMgw5V_4core3fmt5Debug3fmt
FNF:26
FNH:0
DA:23,0
DA:24,0
DA:25,0
DA:26,0
DA:27,0
DA:37,0
DA:38,0
DA:39,0
DA:41,0
DA:42,0
DA:43,0
DA:44,0
DA:45,0
DA:46,0
DA:47,0
DA:48,0
DA:49,0
DA:50,0
DA:51,0
DA:52,0
DA:53,0
DA:54,0
DA:55,0
DA:58,0
DA:59,0
DA:60,0
DA:61,0
DA:62,0
DA:63,0
DA:64,0
DA:65,0
DA:66,0
DA:67,0
DA:69,0
DA:70,0
DA:71,0
DA:74,0
DA:75,0
DA:76,0
DA:77,0
DA:79,0
DA:80,0
DA:81,0
DA:82,0
DA:83,0
DA:84,0
DA:85,0
DA:86,0
DA:87,0
DA:88,0
DA:89,0
DA:90,0
DA:92,0
DA:93,0
DA:94,0
DA:95,0
DA:96,0
DA:97,0
DA:98,0
DA:99,0
DA:100,0
DA:101,0
DA:102,0
DA:103,0
DA:104,0
DA:106,0
DA:107,0
DA:108,0
DA:109,0
DA:110,0
DA:111,0
DA:112,0
DA:113,0
DA:114,0
DA:115,0
DA:116,0
DA:117,0
DA:118,0
DA:123,0
DA:124,0
DA:125,0
DA:126,0
DA:128,0
DA:129,0
DA:130,0
DA:131,0
DA:132,0
DA:133,0
DA:134,0
DA:135,0
DA:136,0
DA:137,0
DA:138,0
DA:139,0
DA:140,0
DA:141,0
DA:142,0
DA:143,0
DA:144,0
DA:145,0
DA:146,0
DA:147,0
DA:148,0
DA:149,0
DA:163,0
DA:164,0
DA:165,0
DA:166,0
DA:167,0
DA:168,0
DA:169,0
DA:170,0
DA:179,0
DA:180,0
DA:181,0
DA:182,0
DA:183,0
DA:184,0
DA:186,0
DA:187,0
DA:188,0
DA:189,0
DA:190,0
DA:191,0
DA:192,0
DA:193,0
DA:194,0
DA:196,0
DA:197,0
DA:198,0
DA:199,0
DA:200,0
DA:201,0
DA:202,0
DA:204,0
DA:205,0
DA:206,0
DA:207,0
DA:208,0
DA:209,0
DA:210,0
DA:212,0
DA:213,0
DA:214,0
DA:215,0
DA:216,0
DA:217,0
DA:218,0
DA:219,0
DA:220,0
DA:222,0
DA:223,0
DA:224,0
DA:225,0
DA:226,0
DA:227,0
DA:231,0
DA:232,0
DA:233,0
DA:234,0
DA:235,0
DA:236,0
DA:237,0
DA:238,0
DA:247,0
DA:248,0
DA:249,0
DA:257,0
DA:258,0
DA:259,0
DA:260,0
DA:261,0
DA:269,0
DA:270,0
DA:271,0
DA:272,0
DA:273,0
DA:274,0
DA:282,0
DA:283,0
DA:284,0
DA:285,0
DA:286,0
DA:287,0
DA:292,0
DA:293,0
DA:294,0
DA:299,0
DA:300,0
DA:301,0
DA:303,0
DA:304,0
DA:305,0
DA:306,0
DA:307,0
DA:308,0
DA:311,0
DA:312,0
DA:313,0
DA:314,0
DA:315,0
DA:316,0
BRF:0
BRH:0
LF:202
LH:0
end_of_record
SF:/home/runner/work/hyperlight/hyperlight/src/hyperlight_common/src/flatbuffers/hyperlight/generated/function_call_result_generated.rs
FN:528,_RINvNtNtNtNtCs5hCjilINUCv_17hyperlight_common11flatbuffers10hyperlight9generated30function_call_result_generated34finish_function_call_result_bufferpEBa_
FN:536,_RINvNtNtNtNtCs5hCjilINUCv_17hyperlight_common11flatbuffers10hyperlight9generated30function_call_result_generated48finish_size_prefixed_function_call_result_bufferpEBa_
FN:35,_RNvMs_NtNtNtNtCs5hCjilINUCv_17hyperlight_common11flatbuffers10hyperlight9generated30function_call_result_generatedNtB4_18FunctionCallResult15init_from_tableBc_
FN:468,_RNvNtNtNtNtCs5hCjilINUCv_17hyperlight_common11flatbuffers10hyperlight9generated30function_call_result_generated28root_as_function_call_resultB9_
FN:515,_RNvNtNtNtNtCs5hCjilINUCv_17hyperlight_common11flatbuffers10hyperlight9generated30function_call_result_generated38root_as_function_call_result_uncheckedB9_
FN:492,_RNvNtNtNtNtCs5hCjilINUCv_17hyperlight_common11flatbuffers10hyperlight9generated30function_call_result_generated38root_as_function_call_result_with_optsB9_
FN:480,_RNvNtNtNtNtCs5hCjilINUCv_17hyperlight_common11flatbuffers10hyperlight9generated30function_call_result_generated42size_prefixed_root_as_function_call_resultB9_
FN:522,_RNvNtNtNtNtCs5hCjilINUCv_17hyperlight_common11flatbuffers10hyperlight9generated30function_call_result_generated52size_prefixed_root_as_function_call_result_uncheckedB9_
FN:505,_RNvNtNtNtNtCs5hCjilINUCv_17hyperlight_common11flatbuffers10hyperlight9generated30function_call_result_generated52size_prefixed_root_as_function_call_result_with_optsB9_
FN:298,_RNvXs1_NtNtNtNtCs5hCjilINUCv_17hyperlight_common11flatbuffers10hyperlight9generated30function_call_result_generatedNtB5_22FunctionCallResultArgsNtNtCs649FzoMgw5V_4core7default7Default7defaultBd_
FN:39,_RINvMs_NtNtNtNtCs5hCjilINUCv_17hyperlight_common11flatbuffers10hyperlight9generated30function_call_result_generatedNtB5_18FunctionCallResult6createNtNtCsdyFvlONsh1u_11flatbuffers7builder16DefaultAllocatorEBd_
FN:234,_RNCNvXs0_NtNtNtNtCs5hCjilINUCv_17hyperlight_common11flatbuffers10hyperlight9generated30function_call_result_generatedNtB7_18FunctionCallResultNtNtCsdyFvlONsh1u_11flatbuffers8verifier10Verifiable12run_verifier0Bf_
FN:320,_RNvMs2_NtNtNtNtCs5hCjilINUCv_17hyperlight_common11flatbuffers10hyperlight9generated30function_call_result_generatedINtB5_25FunctionCallResultBuilderNtNtCsdyFvlONsh1u_11flatbuffers7builder16DefaultAllocatorE16add_return_valueBd_
FN:312,_RNvMs2_NtNtNtNtCs5hCjilINUCv_17hyperlight_common11flatbuffers10hyperlight9generated30function_call_result_generatedINtB5_25FunctionCallResultBuilderNtNtCsdyFvlONsh1u_11flatbuffers7builder16DefaultAllocatorE21add_return_value_typeBd_
FN:330,_RNvMs2_NtNtNtNtCs5hCjilINUCv_17hyperlight_common11flatbuffers10hyperlight9generated30function_call_result_generatedINtB5_25FunctionCallResultBuilderNtNtCsdyFvlONsh1u_11flatbuffers7builder16DefaultAllocatorE3newBd_
FN:340,_RNvMs2_NtNtNtNtCs5hCjilINUCv_17hyperlight_common11flatbuffers10hyperlight9generated30function_call_result_generatedINtB5_25FunctionCallResultBuilderNtNtCsdyFvlONsh1u_11flatbuffers7builder16DefaultAllocatorE6finishBd_
FN:66,_RNvMs_NtNtNtNtCs5hCjilINUCv_17hyperlight_common11flatbuffers10hyperlight9generated30function_call_result_generatedNtB4_18FunctionCallResult12return_valueBc_
FN:52,_RNvMs_NtNtNtNtCs5hCjilINUCv_17hyperlight_common11flatbuffers10hyperlight9generated30function_call_result_generatedNtB4_18FunctionCallResult17return_value_typeBc_
FN:81,_RNvMs_NtNtNtNtCs5hCjilINUCv_17hyperlight_common11flatbuffers10hyperlight9generated30function_call_result_generatedNtB4_18FunctionCallResult21return_value_as_hlintBc_
FN:179,_RNvMs_NtNtNtNtCs5hCjilINUCv_17hyperlight_common11flatbuffers10hyperlight9generated30function_call_result_generatedNtB4_18FunctionCallResult22return_value_as_hlboolBc_
FN:109,_RNvMs_NtNtNtNtCs5hCjilINUCv_17hyperlight_common11flatbuffers10hyperlight9generated30function_call_result_generatedNtB4_18FunctionCallResult22return_value_as_hllongBc_
FN:95,_RNvMs_NtNtNtNtCs5hCjilINUCv_17hyperlight_common11flatbuffers10hyperlight9generated30function_call_result_generatedNtB4_18FunctionCallResult22return_value_as_hluintBc_
FN:193,_RNvMs_NtNtNtNtCs5hCjilINUCv_17hyperlight_common11flatbuffers10hyperlight9generated30function_call_result_generatedNtB4_18FunctionCallResult22return_value_as_hlvoidBc_
FN:137,_RNvMs_NtNtNtNtCs5hCjilINUCv_17hyperlight_common11flatbuffers10hyperlight9generated30function_call_result_generatedNtB4_18FunctionCallResult23return_value_as_hlfloatBc_
FN:123,_RNvMs_NtNtNtNtCs5hCjilINUCv_17hyperlight_common11flatbuffers10hyperlight9generated30function_call_result_generatedNtB4_18FunctionCallResult23return_value_as_hlulongBc_
FN:151,_RNvMs_NtNtNtNtCs5hCjilINUCv_17hyperlight_common11flatbuffers10hyperlight9generated30function_call_result_generatedNtB4_18FunctionCallResult24return_value_as_hldoubleBc_
FN:165,_RNvMs_NtNtNtNtCs5hCjilINUCv_17hyperlight_common11flatbuffers10hyperlight9generated30function_call_result_generatedNtB4_18FunctionCallResult24return_value_as_hlstringBc_
FN:207,_RNvMs_NtNtNtNtCs5hCjilINUCv_17hyperlight_common11flatbuffers10hyperlight9generated30function_call_result_generatedNtB4_18FunctionCallResult36return_value_as_hlsizeprefixedbufferBc_
FN:23,_RNvXNtNtNtNtCs5hCjilINUCv_17hyperlight_common11flatbuffers10hyperlight9generated30function_call_result_generatedNtB2_18FunctionCallResultNtNtCsdyFvlONsh1u_11flatbuffers6follow6Follow6followBa_
FN:222,_RNvXs0_NtNtNtNtCs5hCjilINUCv_17hyperlight_common11flatbuffers10hyperlight9generated30function_call_result_generatedNtB5_18FunctionCallResultNtNtCsdyFvlONsh1u_11flatbuffers8verifier10Verifiable12run_verifierBd_
FN:349,_RNvXs3_NtNtNtNtCs5hCjilINUCv_17hyperlight_common11flatbuffers10hyperlight9generated30function_call_result_generatedNtB5_18FunctionCallResultNtNtCs649FzoMgw5V_4core3fmt5Debug3fmt
FNDA:0,_RINvNtNtNtNtCs5hCjilINUCv_17hyperlight_common11flatbuffers10hyperlight9generated30function_call_result_generated34finish_function_call_result_bufferpEBa_
FNDA:0,_RINvNtNtNtNtCs5hCjilINUCv_17hyperlight_common11flatbuffers10hyperlight9generated30function_call_result_generated48finish_size_prefixed_function_call_result_bufferpEBa_
FNDA:0,_RNvMs_NtNtNtNtCs5hCjilINUCv_17hyperlight_common11flatbuffers10hyperlight9generated30function_call_result_generatedNtB4_18FunctionCallResult15init_from_tableBc_
FNDA:0,_RNvNtNtNtNtCs5hCjilINUCv_17hyperlight_common11flatbuffers10hyperlight9generated30function_call_result_generated28root_as_function_call_resultB9_
FNDA:0,_RNvNtNtNtNtCs5hCjilINUCv_17hyperlight_common11flatbuffers10hyperlight9generated30function_call_result_generated38root_as_function_call_result_uncheckedB9_
FNDA:0,_RNvNtNtNtNtCs5hCjilINUCv_17hyperlight_common11flatbuffers10hyperlight9generated30function_call_result_generated38root_as_function_call_result_with_optsB9_
FNDA:0,_RNvNtNtNtNtCs5hCjilINUCv_17hyperlight_common11flatbuffers10hyperlight9generated30function_call_result_generated42size_prefixed_root_as_function_call_resultB9_
FNDA:0,_RNvNtNtNtNtCs5hCjilINUCv_17hyperlight_common11flatbuffers10hyperlight9generated30function_call_result_generated52size_prefixed_root_as_function_call_result_uncheckedB9_
FNDA:0,_RNvNtNtNtNtCs5hCjilINUCv_17hyperlight_common11flatbuffers10hyperlight9generated30function_call_result_generated52size_prefixed_root_as_function_call_result_with_optsB9_
FNDA:0,_RNvXs1_NtNtNtNtCs5hCjilINUCv_17hyperlight_common11flatbuffers10hyperlight9generated30function_call_result_generatedNtB5_22FunctionCallResultArgsNtNtCs649FzoMgw5V_4core7default7Default7defaultBd_
FNDA:0,_RINvMs_NtNtNtNtCs5hCjilINUCv_17hyperlight_common11flatbuffers10hyperlight9generated30function_call_result_generatedNtB5_18FunctionCallResult6createNtNtCsdyFvlONsh1u_11flatbuffers7builder16DefaultAllocatorEBd_
FNDA:0,_RNCNvXs0_NtNtNtNtCs5hCjilINUCv_17hyperlight_common11flatbuffers10hyperlight9generated30function_call_result_generatedNtB7_18FunctionCallResultNtNtCsdyFvlONsh1u_11flatbuffers8verifier10Verifiable12run_verifier0Bf_
FNDA:0,_RNvMs2_NtNtNtNtCs5hCjilINUCv_17hyperlight_common11flatbuffers10hyperlight9generated30function_call_result_generatedINtB5_25FunctionCallResultBuilderNtNtCsdyFvlONsh1u_11flatbuffers7builder16DefaultAllocatorE16add_return_valueBd_
FNDA:0,_RNvMs2_NtNtNtNtCs5hCjilINUCv_17hyperlight_common11flatbuffers10hyperlight9generated30function_call_result_generatedINtB5_25FunctionCallResultBuilderNtNtCsdyFvlONsh1u_11flatbuffers7builder16DefaultAllocatorE21add_return_value_typeBd_
FNDA:0,_RNvMs2_NtNtNtNtCs5hCjilINUCv_17hyperlight_common11flatbuffers10hyperlight9generated30function_call_result_generatedINtB5_25FunctionCallResultBuilderNtNtCsdyFvlONsh1u_11flatbuffers7builder16DefaultAllocatorE3newBd_
FNDA:0,_RNvMs2_NtNtNtNtCs5hCjilINUCv_17hyperlight_common11flatbuffers10hyperlight9generated30function_call_result_generatedINtB5_25FunctionCallResultBuilderNtNtCsdyFvlONsh1u_11flatbuffers7builder16DefaultAllocatorE6finishBd_
FNDA:0,_RNvMs_NtNtNtNtCs5hCjilINUCv_17hyperlight_common11flatbuffers10hyperlight9generated30function_call_result_generatedNtB4_18FunctionCallResult12return_valueBc_
FNDA:0,_RNvMs_NtNtNtNtCs5hCjilINUCv_17hyperlight_common11flatbuffers10hyperlight9generated30function_call_result_generatedNtB4_18FunctionCallResult17return_value_typeBc_
FNDA:0,_RNvMs_NtNtNtNtCs5hCjilINUCv_17hyperlight_common11flatbuffers10hyperlight9generated30function_call_result_generatedNtB4_18FunctionCallResult21return_value_as_hlintBc_
FNDA:0,_RNvMs_NtNtNtNtCs5hCjilINUCv_17hyperlight_common11flatbuffers10hyperlight9generated30function_call_result_generatedNtB4_18FunctionCallResult22return_value_as_hlboolBc_
FNDA:0,_RNvMs_NtNtNtNtCs5hCjilINUCv_17hyperlight_common11flatbuffers10hyperlight9generated30function_call_result_generatedNtB4_18FunctionCallResult22return_value_as_hllongBc_
FNDA:0,_RNvMs_NtNtNtNtCs5hCjilINUCv_17hyperlight_common11flatbuffers10hyperlight9generated30function_call_result_generatedNtB4_18FunctionCallResult22return_value_as_hluintBc_
FNDA:0,_RNvMs_NtNtNtNtCs5hCjilINUCv_17hyperlight_common11flatbuffers10hyperlight9generated30function_call_result_generatedNtB4_18FunctionCallResult22return_value_as_hlvoidBc_
FNDA:0,_RNvMs_NtNtNtNtCs5hCjilINUCv_17hyperlight_common11flatbuffers10hyperlight9generated30function_call_result_generatedNtB4_18FunctionCallResult23return_value_as_hlfloatBc_
FNDA:0,_RNvMs_NtNtNtNtCs5hCjilINUCv_17hyperlight_common11flatbuffers10hyperlight9generated30function_call_result_generatedNtB4_18FunctionCallResult23return_value_as_hlulongBc_
FNDA:0,_RNvMs_NtNtNtNtCs5hCjilINUCv_17hyperlight_common11flatbuffers10hyperlight9generated30function_call_result_generatedNtB4_18FunctionCallResult24return_value_as_hldoubleBc_
FNDA:0,_RNvMs_NtNtNtNtCs5hCjilINUCv_17hyperlight_common11flatbuffers10hyperlight9generated30function_call_result_generatedNtB4_18FunctionCallResult24return_value_as_hlstringBc_
FNDA:0,_RNvMs_NtNtNtNtCs5hCjilINUCv_17hyperlight_common11flatbuffers10hyperlight9generated30function_call_result_generatedNtB4_18FunctionCallResult36return_value_as_hlsizeprefixedbufferBc_
FNDA:0,_RNvXNtNtNtNtCs5hCjilINUCv_17hyperlight_common11flatbuffers10hyperlight9generated30function_call_result_generatedNtB2_18FunctionCallResultNtNtCsdyFvlONsh1u_11flatbuffers6follow6Follow6followBa_
FNDA:0,_RNvXs0_NtNtNtNtCs5hCjilINUCv_17hyperlight_common11flatbuffers10hyperlight9generated30function_call_result_generatedNtB5_18FunctionCallResultNtNtCsdyFvlONsh1u_11flatbuffers8verifier10Verifiable12run_verifierBd_
FNDA:0,_RNvXs3_NtNtNtNtCs5hCjilINUCv_17hyperlight_common11flatbuffers10hyperlight9generated30function_call_result_generatedNtB5_18FunctionCallResultNtNtCs649FzoMgw5V_4core3fmt5Debug3fmt
FNF:31
FNH:0
DA:23,0
DA:24,0
DA:25,0
DA:26,0
DA:27,0
DA:35,0
DA:36,0
DA:37,0
DA:39,0
DA:40,0
DA:41,0
DA:42,0
DA:43,0
DA:44,0
DA:45,0
DA:46,0
DA:47,0
DA:48,0
DA:49,0
DA:52,0
DA:53,0
DA:54,0
DA:55,0
DA:56,0
DA:57,0
DA:58,0
DA:59,0
DA:60,0
DA:61,0
DA:62,0
DA:63,0
DA:64,0
DA:66,0
DA:67,0
DA:68,0
DA:69,0
DA:70,0
DA:71,0
DA:72,0
DA:73,0
DA:74,0
DA:75,0
DA:76,0
DA:77,0
DA:78,0
DA:81,0
DA:82,0
DA:83,0
DA:84,0
DA:85,0
DA:86,0
DA:87,0
DA:89,0
DA:91,0
DA:95,0
DA:96,0
DA:97,0
DA:98,0
DA:99,0
DA:100,0
DA:101,0
DA:103,0
DA:105,0
DA:109,0
DA:110,0
DA:111,0
DA:112,0
DA:113,0
DA:114,0
DA:115,0
DA:117,0
DA:119,0
DA:123,0
DA:124,0
DA:125,0
DA:126,0
DA:127,0
DA:128,0
DA:129,0
DA:131,0
DA:133,0
DA:137,0
DA:138,0
DA:139,0
DA:140,0
DA:141,0
DA:142,0
DA:143,0
DA:145,0
DA:147,0
DA:151,0
DA:152,0
DA:153,0
DA:154,0
DA:155,0
DA:156,0
DA:157,0
DA:159,0
DA:161,0
DA:165,0
DA:166,0
DA:167,0
DA:168,0
DA:169,0
DA:170,0
DA:171,0
DA:173,0
DA:175,0
DA:179,0
DA:180,0
DA:181,0
DA:182,0
DA:183,0
DA:184,0
DA:185,0
DA:187,0
DA:189,0
DA:193,0
DA:194,0
DA:195,0
DA:196,0
DA:197,0
DA:198,0
DA:199,0
DA:201,0
DA:203,0
DA:207,0
DA:208,0
DA:209,0
DA:210,0
DA:211,0
DA:212,0
DA:213,0
DA:215,0
DA:217,0
DA:222,0
DA:223,0
DA:224,0
DA:225,0
DA:227,0
DA:228,0
DA:229,0
DA:230,0
DA:231,0
DA:232,0
DA:233,0
DA:234,0
DA:235,0
DA:236,0
DA:237,0
DA:238,0
DA:239,0
DA:240,0
DA:241,0
DA:242,0
DA:243,0
DA:244,0
DA:245,0
DA:246,0
DA:247,0
DA:248,0
DA:249,0
DA:250,0
DA:251,0
DA:252,0
DA:253,0
DA:254,0
DA:255,0
DA:256,0
DA:257,0
DA:258,0
DA:259,0
DA:260,0
DA:261,0
DA:262,0
DA:263,0
DA:264,0
DA:265,0
DA:266,0
DA:267,0
DA:268,0
DA:269,0
DA:270,0
DA:271,0
DA:272,0
DA:273,0
DA:274,0
DA:275,0
DA:276,0
DA:277,0
DA:278,0
DA:279,0
DA:280,0
DA:281,0
DA:282,0
DA:283,0
DA:284,0
DA:285,0
DA:286,0
DA:287,0
DA:288,0
DA:289,0
DA:290,0
DA:298,0
DA:299,0
DA:300,0
DA:301,0
DA:302,0
DA:303,0
DA:312,0
DA:313,0
DA:314,0
DA:315,0
DA:316,0
DA:317,0
DA:318,0
DA:320,0
DA:321,0
DA:322,0
DA:323,0
DA:324,0
DA:325,0
DA:326,0
DA:327,0
DA:328,0
DA:330,0
DA:331,0
DA:332,0
DA:333,0
DA:334,0
DA:335,0
DA:336,0
DA:337,0
DA:338,0
DA:340,0
DA:341,0
DA:342,0
DA:343,0
DA:344,0
DA:345,0
DA:349,0
DA:350,0
DA:351,0
DA:352,0
DA:354,0
DA:355,0
DA:357,0
DA:358,0
DA:359,0
DA:360,0
DA:364,0
DA:365,0
DA:367,0
DA:368,0
DA:369,0
DA:370,0
DA:374,0
DA:375,0
DA:377,0
DA:378,0
DA:379,0
DA:380,0
DA:384,0
DA:385,0
DA:387,0
DA:388,0
DA:389,0
DA:390,0
DA:394,0
DA:395,0
DA:397,0
DA:398,0
DA:399,0
DA:400,0
DA:404,0
DA:405,0
DA:407,0
DA:408,0
DA:409,0
DA:410,0
DA:414,0
DA:415,0
DA:417,0
DA:418,0
DA:419,0
DA:420,0
DA:424,0
DA:425,0
DA:427,0
DA:428,0
DA:429,0
DA:430,0
DA:434,0
DA:435,0
DA:437,0
DA:438,0
DA:439,0
DA:440,0
DA:444,0
DA:445,0
DA:447,0
DA:448,0
DA:449,0
DA:450,0
DA:454,0
DA:455,0
DA:458,0
DA:459,0
DA:468,0
DA:469,0
DA:470,0
DA:471,0
DA:472,0
DA:480,0
DA:481,0
DA:482,0
DA:483,0
DA:484,0
DA:492,0
DA:493,0
DA:494,0
DA:495,0
DA:496,0
DA:497,0
DA:505,0
DA:506,0
DA:507,0
DA:508,0
DA:509,0
DA:510,0
DA:515,0
DA:516,0
DA:517,0
DA:522,0
DA:523,0
DA:524,0
DA:525,0
DA:526,0
DA:528,0
DA:529,0
DA:530,0
DA:531,0
DA:532,0
DA:533,0
DA:536,0
DA:537,0
DA:538,0
DA:539,0
DA:540,0
DA:541,0
BRF:0
BRH:0
LF:352
LH:0
end_of_record
SF:/home/runner/work/hyperlight/hyperlight/src/hyperlight_common/src/flatbuffers/hyperlight/generated/function_call_type_generated.rs
FN:85,_RNvXs2_NtNtNtNtCs5hCjilINUCv_17hyperlight_common11flatbuffers10hyperlight9generated28function_call_type_generatedNtB5_16FunctionCallTypeNtNtCsdyFvlONsh1u_11flatbuffers13endian_scalar12EndianScalar16to_little_endianBd_
FN:90,_RNvXs2_NtNtNtNtCs5hCjilINUCv_17hyperlight_common11flatbuffers10hyperlight9generated28function_call_type_generatedNtB5_16FunctionCallTypeNtNtCsdyFvlONsh1u_11flatbuffers13endian_scalar12EndianScalar18from_little_endianBd_
FN:47,_RNvMNtNtNtNtCs5hCjilINUCv_17hyperlight_common11flatbuffers10hyperlight9generated28function_call_type_generatedNtB2_16FunctionCallType12variant_name
FN:68,_RNvXs0_NtNtNtNtCs5hCjilINUCv_17hyperlight_common11flatbuffers10hyperlight9generated28function_call_type_generatedNtB5_16FunctionCallTypeNtNtCsdyFvlONsh1u_11flatbuffers6follow6Follow6followBd_
FN:77,_RNvXs1_NtNtNtNtCs5hCjilINUCv_17hyperlight_common11flatbuffers10hyperlight9generated28function_call_type_generatedNtB5_16FunctionCallTypeNtNtCsdyFvlONsh1u_11flatbuffers4push4Push4pushBd_
FN:98,_RNvXs3_NtNtNtNtCs5hCjilINUCv_17hyperlight_common11flatbuffers10hyperlight9generated28function_call_type_generatedNtB5_16FunctionCallTypeNtNtCsdyFvlONsh1u_11flatbuffers8verifier10Verifiable12run_verifierBd_
FN:57,_RNvXs_NtNtNtNtCs5hCjilINUCv_17hyperlight_common11flatbuffers10hyperlight9generated28function_call_type_generatedNtB4_16FunctionCallTypeNtNtCs649FzoMgw5V_4core3fmt5Debug3fmt
FNDA:0,_RNvXs2_NtNtNtNtCs5hCjilINUCv_17hyperlight_common11flatbuffers10hyperlight9generated28function_call_type_generatedNtB5_16FunctionCallTypeNtNtCsdyFvlONsh1u_11flatbuffers13endian_scalar12EndianScalar16to_little_endianBd_
FNDA:0,_RNvXs2_NtNtNtNtCs5hCjilINUCv_17hyperlight_common11flatbuffers10hyperlight9generated28function_call_type_generatedNtB5_16FunctionCallTypeNtNtCsdyFvlONsh1u_11flatbuffers13endian_scalar12EndianScalar18from_little_endianBd_
FNDA:0,_RNvMNtNtNtNtCs5hCjilINUCv_17hyperlight_common11flatbuffers10hyperlight9generated28function_call_type_generatedNtB2_16FunctionCallType12variant_name
FNDA:0,_RNvXs0_NtNtNtNtCs5hCjilINUCv_17hyperlight_common11flatbuffers10hyperlight9generated28function_call_type_generatedNtB5_16FunctionCallTypeNtNtCsdyFvlONsh1u_11flatbuffers6follow6Follow6followBd_
FNDA:0,_RNvXs1_NtNtNtNtCs5hCjilINUCv_17hyperlight_common11flatbuffers10hyperlight9generated28function_call_type_generatedNtB5_16FunctionCallTypeNtNtCsdyFvlONsh1u_11flatbuffers4push4Push4pushBd_
FNDA:0,_RNvXs3_NtNtNtNtCs5hCjilINUCv_17hyperlight_common11flatbuffers10hyperlight9generated28function_call_type_generatedNtB5_16FunctionCallTypeNtNtCsdyFvlONsh1u_11flatbuffers8verifier10Verifiable12run_verifierBd_
FNDA:0,_RNvXs_NtNtNtNtCs5hCjilINUCv_17hyperlight_common11flatbuffers10hyperlight9generated28function_call_type_generatedNtB4_16FunctionCallTypeNtNtCs649FzoMgw5V_4core3fmt5Debug3fmt
FNF:7
FNH:0
DA:47,0
DA:48,0
DA:49,0
DA:50,0
DA:51,0
DA:52,0
DA:54,0
DA:57,0
DA:58,0
DA:59,0
DA:61,0
DA:63,0
DA:68,0
DA:69,0
DA:70,0
DA:71,0
DA:77,0
DA:78,0
DA:79,0
DA:85,0
DA:86,0
DA:87,0
DA:90,0
DA:91,0
DA:92,0
DA:93,0
DA:98,0
DA:99,0
DA:100,0
DA:101,0
DA:103,0
DA:104,0
BRF:0
BRH:0
LF:32
LH:0
end_of_record
SF:/home/runner/work/hyperlight/hyperlight/src/hyperlight_common/src/flatbuffers/hyperlight/generated/guest_error_generated.rs
FN:205,_RINvNtNtNtNtCs5hCjilINUCv_17hyperlight_common11flatbuffers10hyperlight9generated21guest_error_generated25finish_guest_error_bufferpEBa_
FN:213,_RINvNtNtNtNtCs5hCjilINUCv_17hyperlight_common11flatbuffers10hyperlight9generated21guest_error_generated39finish_size_prefixed_guest_error_bufferpEBa_
[...]
FNDA:0,_RINvMNtCsaUETK3lWfDK_18hyperlight_testing6loggerNtB3_6Logger16test_log_recordsNCNvNtNtNtCsbhnjpcZuJYb_15hyperlight_host7sandbox4outb5testss_17test_log_outb_logs_0EB1o_
FNDA:0,_RNCINvMNtCsaUETK3lWfDK_18hyperlight_testing6loggerNtB5_6Logger16test_log_recordsNCNvNtNtNtCsbhnjpcZuJYb_15hyperlight_host7sandbox4outb5testss_17test_log_outb_logs_0E0B1q_
FNDA:0,_RNCNCNvXs_NtCsaUETK3lWfDK_18hyperlight_testing6loggerNtB8_6LoggerNtCs6LoaI5J4jQ3_3log3Log3log00Ba_
FNDA:0,_RNCNCNvXs_NtCsaUETK3lWfDK_18hyperlight_testing6loggerNtB8_6LoggerNtCs6LoaI5J4jQ3_3log3Log3log0s_0Ba_
FNDA:0,_RNCNvMNtCsaUETK3lWfDK_18hyperlight_testing6loggerNtB4_6Logger12get_log_call0B6_
FNDA:0,_RNCNvMNtCsaUETK3lWfDK_18hyperlight_testing6loggerNtB4_6Logger13num_log_calls0B6_
FNDA:0,_RNCNvMNtCsaUETK3lWfDK_18hyperlight_testing6loggerNtB4_6Logger13set_max_level0B6_
FNDA:0,_RNCNvMNtCsaUETK3lWfDK_18hyperlight_testing6loggerNtB4_6Logger15clear_log_calls0B6_
FNDA:0,_RNCNvMNtCsaUETK3lWfDK_18hyperlight_testing6loggerNtB4_6Logger21initialize_log_tracer0B6_
FNDA:0,_RNCNvMNtCsaUETK3lWfDK_18hyperlight_testing6loggerNtB4_6Logger22initialize_test_logger0B6_
FNDA:0,_RNCNvXs_NtCsaUETK3lWfDK_18hyperlight_testing6loggerNtB6_6LoggerNtCs6LoaI5J4jQ3_3log3Log3log0B8_
FNDA:0,_RNCNvXs_NtCsaUETK3lWfDK_18hyperlight_testing6loggerNtB6_6LoggerNtCs6LoaI5J4jQ3_3log3Log7enabled0B8_
FNDA:0,_RNvMNtCsaUETK3lWfDK_18hyperlight_testing6loggerNtB2_6Logger12get_log_call
FNDA:0,_RNvMNtCsaUETK3lWfDK_18hyperlight_testing6loggerNtB2_6Logger13num_log_calls
FNDA:0,_RNvMNtCsaUETK3lWfDK_18hyperlight_testing6loggerNtB2_6Logger13set_max_level
FNDA:0,_RNvMNtCsaUETK3lWfDK_18hyperlight_testing6loggerNtB2_6Logger15clear_log_calls
FNDA:0,_RNvMNtCsaUETK3lWfDK_18hyperlight_testing6loggerNtB2_6Logger21initialize_log_tracer
FNDA:0,_RNvMNtCsaUETK3lWfDK_18hyperlight_testing6loggerNtB2_6Logger22initialize_test_logger
FNDA:0,_RNvXs_NtCsaUETK3lWfDK_18hyperlight_testing6loggerNtB4_6LoggerNtCs6LoaI5J4jQ3_3log3Log3log
FNDA:0,_RNvXs_NtCsaUETK3lWfDK_18hyperlight_testing6loggerNtB4_6LoggerNtCs6LoaI5J4jQ3_3log3Log5flush
FNDA:0,_RNvXs_NtCsaUETK3lWfDK_18hyperlight_testing6loggerNtB4_6LoggerNtCs6LoaI5J4jQ3_3log3Log7enabled
FNDA:0,_RINvMNtCsaUETK3lWfDK_18hyperlight_testing6loggerNtB3_6Logger16test_log_recordspEB5_
FNDA:0,_RNCINvMNtCsaUETK3lWfDK_18hyperlight_testing6loggerNtB5_6Logger16test_log_recordspE0B7_
FNF:21
FNH:0
DA:46,0
DA:47,0
DA:48,0
DA:49,0
DA:50,0
DA:51,0
DA:53,0
DA:54,0
DA:55,0
DA:56,0
DA:57,0
DA:58,0
DA:60,0
DA:61,0
DA:62,0
DA:63,0
DA:64,0
DA:65,0
DA:67,0
DA:68,0
DA:69,0
DA:71,0
DA:72,0
DA:73,0
DA:74,0
DA:76,0
DA:77,0
DA:78,0
DA:79,0
DA:80,0
DA:84,0
DA:85,0
DA:86,0
DA:87,0
DA:88,0
DA:89,0
DA:90,0
DA:91,0
DA:92,0
DA:93,0
DA:94,0
DA:95,0
DA:96,0
DA:97,0
DA:98,0
DA:99,0
DA:100,0
DA:101,0
DA:102,0
DA:103,0
DA:104,0
DA:106,0
DA:107,0
DA:108,0
DA:109,0
DA:110,0
DA:113,0
DA:114,0
DA:115,0
DA:116,0
DA:118,0
BRF:0
BRH:0
LF:76
LH:0
end_of_record
SF:/home/runner/work/hyperlight/hyperlight/src/hyperlight_testing/src/simplelogger.rs
FN:45,_RNCNvMNtCsaUETK3lWfDK_18hyperlight_testing12simpleloggerNtB4_12SimpleLogger22initialize_test_logger0B6_
FN:104,_RNCNvXs_NtCsaUETK3lWfDK_18hyperlight_testing12simpleloggerNtB6_12SimpleLoggerNtCs6LoaI5J4jQ3_3log3Log3log0B8_
FN:110,_RNCNvXs_NtCsaUETK3lWfDK_18hyperlight_testing12simpleloggerNtB6_12SimpleLoggerNtCs6LoaI5J4jQ3_3log3Log3logs_0B8_
FN:58,_RNvMNtCsaUETK3lWfDK_18hyperlight_testing12simpleloggerNtB2_12SimpleLogger12get_log_call
FN:55,_RNvMNtCsaUETK3lWfDK_18hyperlight_testing12simpleloggerNtB2_12SimpleLogger13num_log_calls
FN:62,_RNvMNtCsaUETK3lWfDK_18hyperlight_testing12simpleloggerNtB2_12SimpleLogger15clear_log_calls
FN:51,_RNvMNtCsaUETK3lWfDK_18hyperlight_testing12simpleloggerNtB2_12SimpleLogger17num_enabled_calls
FN:44,_RNvMNtCsaUETK3lWfDK_18hyperlight_testing12simpleloggerNtB2_12SimpleLogger22initialize_test_logger
FN:92,_RNvXs_NtCsaUETK3lWfDK_18hyperlight_testing12simpleloggerNtB4_12SimpleLoggerNtCs6LoaI5J4jQ3_3log3Log3log
FN:119,_RNvXs_NtCsaUETK3lWfDK_18hyperlight_testing12simpleloggerNtB4_12SimpleLoggerNtCs6LoaI5J4jQ3_3log3Log5flush
FN:80,_RNvXs_NtCsaUETK3lWfDK_18hyperlight_testing12simpleloggerNtB4_12SimpleLoggerNtCs6LoaI5J4jQ3_3log3Log7enabled
FN:69,_RINvMNtCsaUETK3lWfDK_18hyperlight_testing12simpleloggerNtB3_12SimpleLogger16test_log_recordspEB5_
FNDA:0,_RNCNvMNtCsaUETK3lWfDK_18hyperlight_testing12simpleloggerNtB4_12SimpleLogger22initialize_test_logger0B6_
FNDA:0,_RNCNvXs_NtCsaUETK3lWfDK_18hyperlight_testing12simpleloggerNtB6_12SimpleLoggerNtCs6LoaI5J4jQ3_3log3Log3log0B8_
FNDA:0,_RNCNvXs_NtCsaUETK3lWfDK_18hyperlight_testing12simpleloggerNtB6_12SimpleLoggerNtCs6LoaI5J4jQ3_3log3Log3logs_0B8_
FNDA:0,_RNvMNtCsaUETK3lWfDK_18hyperlight_testing12simpleloggerNtB2_12SimpleLogger12get_log_call
FNDA:0,_RNvMNtCsaUETK3lWfDK_18hyperlight_testing12simpleloggerNtB2_12SimpleLogger13num_log_calls
FNDA:0,_RNvMNtCsaUETK3lWfDK_18hyperlight_testing12simpleloggerNtB2_12SimpleLogger15clear_log_calls
FNDA:0,_RNvMNtCsaUETK3lWfDK_18hyperlight_testing12simpleloggerNtB2_12SimpleLogger17num_enabled_calls
FNDA:0,_RNvMNtCsaUETK3lWfDK_18hyperlight_testing12simpleloggerNtB2_12SimpleLogger22initialize_test_logger
FNDA:0,_RNvXs_NtCsaUETK3lWfDK_18hyperlight_testing12simpleloggerNtB4_12SimpleLoggerNtCs6LoaI5J4jQ3_3log3Log3log
FNDA:0,_RNvXs_NtCsaUETK3lWfDK_18hyperlight_testing12simpleloggerNtB4_12SimpleLoggerNtCs6LoaI5J4jQ3_3log3Log5flush
FNDA:0,_RNvXs_NtCsaUETK3lWfDK_18hyperlight_testing12simpleloggerNtB4_12SimpleLoggerNtCs6LoaI5J4jQ3_3log3Log7enabled
FNDA:0,_RINvMNtCsaUETK3lWfDK_18hyperlight_testing12simpleloggerNtB3_12SimpleLogger16test_log_recordspEB5_
FNF:12
FNH:0
DA:44,0
DA:45,0
DA:46,0
DA:47,0
DA:48,0
DA:49,0
DA:51,0
DA:52,0
DA:53,0
DA:55,0
DA:56,0
DA:57,0
DA:58,0
DA:59,0
DA:60,0
DA:62,0
DA:63,0
DA:64,0
DA:65,0
DA:66,0
DA:67,0
DA:69,0
DA:70,0
DA:71,0
DA:72,0
DA:73,0
DA:74,0
DA:75,0
DA:76,0
DA:80,0
DA:81,0
DA:82,0
DA:83,0
DA:84,0
DA:85,0
DA:86,0
DA:87,0
DA:88,0
DA:89,0
DA:91,0
DA:92,0
DA:93,0
DA:94,0
DA:95,0
DA:96,0
DA:97,0
DA:98,0
DA:99,0
DA:100,0
DA:101,0
DA:102,0
DA:103,0
DA:104,0
DA:105,0
DA:107,0
DA:108,0
DA:109,0
DA:110,0
DA:111,0
DA:116,0
DA:117,0
DA:119,0
BRF:0
BRH:0
LF:66
LH:0
end_of_record
SF:/home/runner/work/hyperlight/hyperlight/src/hyperlight_testing/src/tracing_subscriber.rs
FN:72,_RINvMNtCsaUETK3lWfDK_18hyperlight_testing18tracing_subscriberNtB3_17TracingSubscriber18test_trace_recordsNCNCNvNtNtNtCsbhnjpcZuJYb_15hyperlight_host7sandbox4outb5testss_19test_trace_outb_log0s_0EB1R_
FN:73,_RNCINvMNtCsaUETK3lWfDK_18hyperlight_testing18tracing_subscriberNtB5_17TracingSubscriber18test_trace_recordsNCNCNvNtNtNtCsbhnjpcZuJYb_15hyperlight_host7sandbox4outb5testss_19test_trace_outb_log0s_0E0B1T_
FN:74,_RNCNCINvMNtCsaUETK3lWfDK_18hyperlight_testing18tracing_subscriberNtB7_17TracingSubscriber18test_trace_recordsNCNCNvNtNtNtCsbhnjpcZuJYb_15hyperlight_host7sandbox4outb5testss_19test_trace_outb_log0s_0E00B1V_
FN:53,_RNCNCNvMNtCsaUETK3lWfDK_18hyperlight_testing18tracing_subscriberNtB6_17TracingSubscriber17get_span_metadata00B8_
FN:63,_RNCNCNvMNtCsaUETK3lWfDK_18hyperlight_testing18tracing_subscriberNtB6_17TracingSubscriber8get_span00B8_
FN:183,_RNCNCNvXs_NtCsaUETK3lWfDK_18hyperlight_testing18tracing_subscriberNtB8_17TracingSubscriberNtNtCsihL0bukSOKM_12tracing_core10subscriber10Subscriber12current_span00Ba_
FN:186,_RNCNCNvXs_NtCsaUETK3lWfDK_18hyperlight_testing18tracing_subscriberNtB8_17TracingSubscriberNtNtCsihL0bukSOKM_12tracing_core10subscriber10Subscriber12current_span0s_0Ba_
FN:129,_RNCNCNvXs_NtCsaUETK3lWfDK_18hyperlight_testing18tracing_subscriberNtB8_17TracingSubscriberNtNtCsihL0bukSOKM_12tracing_core10subscriber10Subscriber6record00Ba_
FN:132,_RNCNCNvXs_NtCsaUETK3lWfDK_18hyperlight_testing18tracing_subscriberNtB8_17TracingSubscriberNtNtCsihL0bukSOKM_12tracing_core10subscriber10Subscriber6record0s_0Ba_
FN:69,_RNCNvMNtCsaUETK3lWfDK_18hyperlight_testing18tracing_subscriberNtB4_17TracingSubscriber10get_events0B6_
FN:49,_RNCNvMNtCsaUETK3lWfDK_18hyperlight_testing18tracing_subscriberNtB4_17TracingSubscriber17get_span_metadata0B6_
FN:43,_RNCNvMNtCsaUETK3lWfDK_18hyperlight_testing18tracing_subscriberNtB4_17TracingSubscriber3new0B6_
FN:82,_RNCNvMNtCsaUETK3lWfDK_18hyperlight_testing18tracing_subscriberNtB4_17TracingSubscriber5clear0B6_
FN:84,_RNCNvMNtCsaUETK3lWfDK_18hyperlight_testing18tracing_subscriberNtB4_17TracingSubscriber5clears0_0B6_
FN:85,_RNCNvMNtCsaUETK3lWfDK_18hyperlight_testing18tracing_subscriberNtB4_17TracingSubscriber5clears1_0B6_
FN:86,_RNCNvMNtCsaUETK3lWfDK_18hyperlight_testing18tracing_subscriberNtB4_17TracingSubscriber5clears2_0B6_
FN:83,_RNCNvMNtCsaUETK3lWfDK_18hyperlight_testing18tracing_subscriberNtB4_17TracingSubscriber5clears_0B6_
FN:59,_RNCNvMNtCsaUETK3lWfDK_18hyperlight_testing18tracing_subscriberNtB4_17TracingSubscriber8get_span0B6_
FN:177,_RNCNvXs_NtCsaUETK3lWfDK_18hyperlight_testing18tracing_subscriberNtB6_17TracingSubscriberNtNtCsihL0bukSOKM_12tracing_core10subscriber10Subscriber12current_span0B8_
FN:209,_RNCNvXs_NtCsaUETK3lWfDK_18hyperlight_testing18tracing_subscriberNtB6_17TracingSubscriberNtNtCsihL0bukSOKM_12tracing_core10subscriber10Subscriber4exit0B8_
FN:197,_RNCNvXs_NtCsaUETK3lWfDK_18hyperlight_testing18tracing_subscriberNtB6_17TracingSubscriberNtNtCsihL0bukSOKM_12tracing_core10subscriber10Subscriber5enter0B8_
FN:171,_RNCNvXs_NtCsaUETK3lWfDK_18hyperlight_testing18tracing_subscriberNtB6_17TracingSubscriberNtNtCsihL0bukSOKM_12tracing_core10subscriber10Subscriber5event0B8_
FN:125,_RNCNvXs_NtCsaUETK3lWfDK_18hyperlight_testing18tracing_subscriberNtB6_17TracingSubscriberNtNtCsihL0bukSOKM_12tracing_core10subscriber10Subscriber6record0B8_
FN:92,_RNCNvXs_NtCsaUETK3lWfDK_18hyperlight_testing18tracing_subscriberNtB6_17TracingSubscriberNtNtCsihL0bukSOKM_12tracing_core10subscriber10Subscriber7enabled0B8_
FN:96,_RNCNvXs_NtCsaUETK3lWfDK_18hyperlight_testing18tracing_subscriberNtB6_17TracingSubscriberNtNtCsihL0bukSOKM_12tracing_core10subscriber10Subscriber8new_span0B8_
FN:117,_RNCNvXs_NtCsaUETK3lWfDK_18hyperlight_testing18tracing_subscriberNtB6_17TracingSubscriberNtNtCsihL0bukSOKM_12tracing_core10subscriber10Subscriber8new_spans0_0B8_
FN:113,_RNCNvXs_NtCsaUETK3lWfDK_18hyperlight_testing18tracing_subscriberNtB6_17TracingSubscriberNtNtCsihL0bukSOKM_12tracing_core10subscriber10Subscriber8new_spans_0B8_
FN:68,_RNvMNtCsaUETK3lWfDK_18hyperlight_testing18tracing_subscriberNtB2_17TracingSubscriber10get_events
FN:47,_RNvMNtCsaUETK3lWfDK_18hyperlight_testing18tracing_subscriberNtB2_17TracingSubscriber17get_span_metadata
FN:42,_RNvMNtCsaUETK3lWfDK_18hyperlight_testing18tracing_subscriberNtB2_17TracingSubscriber3new
FN:81,_RNvMNtCsaUETK3lWfDK_18hyperlight_testing18tracing_subscriberNtB2_17TracingSubscriber5clear
FN:58,_RNvMNtCsaUETK3lWfDK_18hyperlight_testing18tracing_subscriberNtB2_17TracingSubscriber8get_span
FN:176,_RNvXs_NtCsaUETK3lWfDK_18hyperlight_testing18tracing_subscriberNtB4_17TracingSubscriberNtNtCsihL0bukSOKM_12tracing_core10subscriber10Subscriber12current_span
FN:218,_RNvXs_NtCsaUETK3lWfDK_18hyperlight_testing18tracing_subscriberNtB4_17TracingSubscriberNtNtCsihL0bukSOKM_12tracing_core10subscriber10Subscriber19record_follows_from
FN:203,_RNvXs_NtCsaUETK3lWfDK_18hyperlight_testing18tracing_subscriberNtB4_17TracingSubscriberNtNtCsihL0bukSOKM_12tracing_core10subscriber10Subscriber4exit
FN:191,_RNvXs_NtCsaUETK3lWfDK_18hyperlight_testing18tracing_subscriberNtB4_17TracingSubscriberNtNtCsihL0bukSOKM_12tracing_core10subscriber10Subscriber5enter
FN:162,_RNvXs_NtCsaUETK3lWfDK_18hyperlight_testing18tracing_subscriberNtB4_17TracingSubscriberNtNtCsihL0bukSOKM_12tracing_core10subscriber10Subscriber5event
FN:123,_RNvXs_NtCsaUETK3lWfDK_18hyperlight_testing18tracing_subscriberNtB4_17TracingSubscriberNtNtCsihL0bukSOKM_12tracing_core10subscriber10Subscriber6record
FN:91,_RNvXs_NtCsaUETK3lWfDK_18hyperlight_testing18tracing_subscriberNtB4_17TracingSubscriberNtNtCsihL0bukSOKM_12tracing_core10subscriber10Subscriber7enabled
FN:95,_RNvXs_NtCsaUETK3lWfDK_18hyperlight_testing18tracing_subscriberNtB4_17TracingSubscriberNtNtCsihL0bukSOKM_12tracing_core10subscriber10Subscriber8new_span
FN:72,_RINvMNtCsaUETK3lWfDK_18hyperlight_testing18tracing_subscriberNtB3_17TracingSubscriber18test_trace_recordspEB5_
FN:73,_RNCINvMNtCsaUETK3lWfDK_18hyperlight_testing18tracing_subscriberNtB5_17TracingSubscriber18test_trace_recordspE0B7_
FN:74,_RNCNCINvMNtCsaUETK3lWfDK_18hyperlight_testing18tracing_subscriberNtB7_17TracingSubscriber18test_trace_recordspE00B9_
FNDA:0,_RINvMNtCsaUETK3lWfDK_18hyperlight_testing18tracing_subscriberNtB3_17TracingSubscriber18test_trace_recordsNCNCNvNtNtNtCsbhnjpcZuJYb_15hyperlight_host7sandbox4outb5testss_19test_trace_outb_log0s_0EB1R_
FNDA:0,_RNCINvMNtCsaUETK3lWfDK_18hyperlight_testing18tracing_subscriberNtB5_17TracingSubscriber18test_trace_recordsNCNCNvNtNtNtCsbhnjpcZuJYb_15hyperlight_host7sandbox4outb5testss_19test_trace_outb_log0s_0E0B1T_
FNDA:0,_RNCNCINvMNtCsaUETK3lWfDK_18hyperlight_testing18tracing_subscriberNtB7_17TracingSubscriber18test_trace_recordsNCNCNvNtNtNtCsbhnjpcZuJYb_15hyperlight_host7sandbox4outb5testss_19test_trace_outb_log0s_0E00B1V_
FNDA:0,_RNCNCNvMNtCsaUETK3lWfDK_18hyperlight_testing18tracing_subscriberNtB6_17TracingSubscriber17get_span_metadata00B8_
FNDA:0,_RNCNCNvMNtCsaUETK3lWfDK_18hyperlight_testing18tracing_subscriberNtB6_17TracingSubscriber8get_span00B8_
FNDA:0,_RNCNCNvXs_NtCsaUETK3lWfDK_18hyperlight_testing18tracing_subscriberNtB8_17TracingSubscriberNtNtCsihL0bukSOKM_12tracing_core10subscriber10Subscriber12current_span00Ba_
FNDA:0,_RNCNCNvXs_NtCsaUETK3lWfDK_18hyperlight_testing18tracing_subscriberNtB8_17TracingSubscriberNtNtCsihL0bukSOKM_12tracing_core10subscriber10Subscriber12current_span0s_0Ba_
FNDA:0,_RNCNCNvXs_NtCsaUETK3lWfDK_18hyperlight_testing18tracing_subscriberNtB8_17TracingSubscriberNtNtCsihL0bukSOKM_12tracing_core10subscriber10Subscriber6record00Ba_
FNDA:0,_RNCNCNvXs_NtCsaUETK3lWfDK_18hyperlight_testing18tracing_subscriberNtB8_17TracingSubscriberNtNtCsihL0bukSOKM_12tracing_core10subscriber10Subscriber6record0s_0Ba_
FNDA:0,_RNCNvMNtCsaUETK3lWfDK_18hyperlight_testing18tracing_subscriberNtB4_17TracingSubscriber10get_events0B6_
FNDA:0,_RNCNvMNtCsaUETK3lWfDK_18hyperlight_testing18tracing_subscriberNtB4_17TracingSubscriber17get_span_metadata0B6_
FNDA:0,_RNCNvMNtCsaUETK3lWfDK_18hyperlight_testing18tracing_subscriberNtB4_17TracingSubscriber3new0B6_
FNDA:0,_RNCNvMNtCsaUETK3lWfDK_18hyperlight_testing18tracing_subscriberNtB4_17TracingSubscriber5clear0B6_
FNDA:0,_RNCNvMNtCsaUETK3lWfDK_18hyperlight_testing18tracing_subscriberNtB4_17TracingSubscriber5clears0_0B6_
FNDA:0,_RNCNvMNtCsaUETK3lWfDK_18hyperlight_testing18tracing_subscriberNtB4_17TracingSubscriber5clears1_0B6_
FNDA:0,_RNCNvMNtCsaUETK3lWfDK_18hyperlight_testing18tracing_subscriberNtB4_17TracingSubscriber5clears2_0B6_
FNDA:0,_RNCNvMNtCsaUETK3lWfDK_18hyperlight_testing18tracing_subscriberNtB4_17TracingSubscriber5clears_0B6_
FNDA:0,_RNCNvMNtCsaUETK3lWfDK_18hyperlight_testing18tracing_subscriberNtB4_17TracingSubscriber8get_span0B6_
FNDA:0,_RNCNvXs_NtCsaUETK3lWfDK_18hyperlight_testing18tracing_subscriberNtB6_17TracingSubscriberNtNtCsihL0bukSOKM_12tracing_core10subscriber10Subscriber12current_span0B8_
FNDA:0,_RNCNvXs_NtCsaUETK3lWfDK_18hyperlight_testing18tracing_subscriberNtB6_17TracingSubscriberNtNtCsihL0bukSOKM_12tracing_core10subscriber10Subscriber4exit0B8_
FNDA:0,_RNCNvXs_NtCsaUETK3lWfDK_18hyperlight_testing18tracing_subscriberNtB6_17TracingSubscriberNtNtCsihL0bukSOKM_12tracing_core10subscriber10Subscriber5enter0B8_
FNDA:0,_RNCNvXs_NtCsaUETK3lWfDK_18hyperlight_testing18tracing_subscriberNtB6_17TracingSubscriberNtNtCsihL0bukSOKM_12tracing_core10subscriber10Subscriber5event0B8_
FNDA:0,_RNCNvXs_NtCsaUETK3lWfDK_18hyperlight_testing18tracing_subscriberNtB6_17TracingSubscriberNtNtCsihL0bukSOKM_12tracing_core10subscriber10Subscriber6record0B8_
FNDA:0,_RNCNvXs_NtCsaUETK3lWfDK_18hyperlight_testing18tracing_subscriberNtB6_17TracingSubscriberNtNtCsihL0bukSOKM_12tracing_core10subscriber10Subscriber7enabled0B8_
FNDA:0,_RNCNvXs_NtCsaUETK3lWfDK_18hyperlight_testing18tracing_subscriberNtB6_17TracingSubscriberNtNtCsihL0bukSOKM_12tracing_core10subscriber10Subscriber8new_span0B8_
FNDA:0,_RNCNvXs_NtCsaUETK3lWfDK_18hyperlight_testing18tracing_subscriberNtB6_17TracingSubscriberNtNtCsihL0bukSOKM_12tracing_core10subscriber10Subscriber8new_spans0_0B8_
FNDA:0,_RNCNvXs_NtCsaUETK3lWfDK_18hyperlight_testing18tracing_subscriberNtB6_17TracingSubscriberNtNtCsihL0bukSOKM_12tracing_core10subscriber10Subscriber8new_spans_0B8_
FNDA:0,_RNvMNtCsaUETK3lWfDK_18hyperlight_testing18tracing_subscriberNtB2_17TracingSubscriber10get_events
FNDA:0,_RNvMNtCsaUETK3lWfDK_18hyperlight_testing18tracing_subscriberNtB2_17TracingSubscriber17get_span_metadata
FNDA:0,_RNvMNtCsaUETK3lWfDK_18hyperlight_testing18tracing_subscriberNtB2_17TracingSubscriber3new
FNDA:0,_RNvMNtCsaUETK3lWfDK_18hyperlight_testing18tracing_subscriberNtB2_17TracingSubscriber5clear
FNDA:0,_RNvMNtCsaUETK3lWfDK_18hyperlight_testing18tracing_subscriberNtB2_17TracingSubscriber8get_span
FNDA:0,_RNvXs_NtCsaUETK3lWfDK_18hyperlight_testing18tracing_subscriberNtB4_17TracingSubscriberNtNtCsihL0bukSOKM_12tracing_core10subscriber10Subscriber12current_span
FNDA:0,_RNvXs_NtCsaUETK3lWfDK_18hyperlight_testing18tracing_subscriberNtB4_17TracingSubscriberNtNtCsihL0bukSOKM_12tracing_core10subscriber10Subscriber19record_follows_from
FNDA:0,_RNvXs_NtCsaUETK3lWfDK_18hyperlight_testing18tracing_subscriberNtB4_17TracingSubscriberNtNtCsihL0bukSOKM_12tracing_core10subscriber10Subscriber4exit
FNDA:0,_RNvXs_NtCsaUETK3lWfDK_18hyperlight_testing18tracing_subscriberNtB4_17TracingSubscriberNtNtCsihL0bukSOKM_12tracing_core10subscriber10Subscriber5enter
FNDA:0,_RNvXs_NtCsaUETK3lWfDK_18hyperlight_testing18tracing_subscriberNtB4_17TracingSubscriberNtNtCsihL0bukSOKM_12tracing_core10subscriber10Subscriber5event
FNDA:0,_RNvXs_NtCsaUETK3lWfDK_18hyperlight_testing18tracing_subscriberNtB4_17TracingSubscriberNtNtCsihL0bukSOKM_12tracing_core10subscriber10Subscriber6record
FNDA:0,_RNvXs_NtCsaUETK3lWfDK_18hyperlight_testing18tracing_subscriberNtB4_17TracingSubscriberNtNtCsihL0bukSOKM_12tracing_core10subscriber10Subscriber7enabled
FNDA:0,_RNvXs_NtCsaUETK3lWfDK_18hyperlight_testing18tracing_subscriberNtB4_17TracingSubscriberNtNtCsihL0bukSOKM_12tracing_core10subscriber10Subscriber8new_span
FNDA:0,_RINvMNtCsaUETK3lWfDK_18hyperlight_testing18tracing_subscriberNtB3_17TracingSubscriber18test_trace_recordspEB5_
FNDA:0,_RNCINvMNtCsaUETK3lWfDK_18hyperlight_testing18tracing_subscriberNtB5_17TracingSubscriber18test_trace_recordspE0B7_
FNDA:0,_RNCNCINvMNtCsaUETK3lWfDK_18hyperlight_testing18tracing_subscriberNtB7_17TracingSubscriber18test_trace_recordspE00B9_
FNF:40
FNH:0
DA:42,0
DA:43,0
DA:44,0
DA:45,0
DA:47,0
DA:48,0
DA:49,0
DA:50,0
DA:51,0
DA:52,0
DA:53,0
DA:54,0
DA:55,0
DA:56,0
DA:58,0
DA:59,0
DA:60,0
DA:61,0
DA:62,0
DA:63,0
DA:64,0
DA:65,0
DA:66,0
DA:68,0
DA:69,0
DA:70,0
DA:72,0
DA:73,0
DA:74,0
DA:75,0
DA:76,0
DA:77,0
DA:78,0
DA:79,0
DA:81,0
DA:82,0
DA:83,0
DA:84,0
DA:85,0
DA:86,0
DA:87,0
DA:91,0
DA:92,0
DA:93,0
DA:95,0
DA:96,0
DA:97,0
DA:98,0
DA:99,0
DA:100,0
DA:101,0
DA:102,0
DA:103,0
DA:104,0
DA:105,0
DA:106,0
DA:107,0
DA:108,0
DA:109,0
DA:110,0
DA:111,0
DA:112,0
DA:113,0
DA:114,0
DA:115,0
DA:116,0
DA:117,0
DA:118,0
DA:119,0
DA:120,0
DA:121,0
DA:123,0
DA:124,0
DA:125,0
DA:126,0
DA:127,0
DA:128,0
DA:129,0
DA:130,0
DA:131,0
DA:132,0
DA:133,0
DA:134,0
DA:135,0
DA:136,0
DA:137,0
DA:138,0
DA:139,0
DA:140,0
DA:141,0
DA:142,0
DA:143,0
DA:144,0
DA:145,0
DA:146,0
DA:147,0
DA:148,0
DA:149,0
DA:150,0
DA:151,0
DA:152,0
DA:153,0
DA:154,0
DA:155,0
DA:156,0
DA:157,0
DA:158,0
DA:159,0
DA:160,0
DA:162,0
DA:163,0
DA:164,0
DA:165,0
DA:166,0
DA:167,0
DA:168,0
DA:169,0
DA:170,0
DA:171,0
DA:172,0
DA:173,0
DA:174,0
DA:176,0
DA:177,0
DA:178,0
DA:179,0
DA:180,0
DA:181,0
DA:182,0
DA:183,0
DA:184,0
DA:185,0
DA:186,0
DA:187,0
DA:188,0
DA:189,0
DA:191,0
DA:192,0
DA:193,0
DA:194,0
DA:195,0
DA:196,0
DA:197,0
DA:198,0
DA:199,0
DA:200,0
DA:201,0
DA:203,0
DA:204,0
DA:205,0
DA:206,0
DA:207,0
DA:208,0
DA:209,0
DA:210,0
DA:211,0
DA:212,0
DA:213,0
DA:214,0
DA:218,0
BRF:0
BRH:0
LF:198
LH:0
end_of_record